  Coursework1.cpp
C:\Users\Akeina\Desktop\New folder\NEW GL CODE - Copy\Common\MeshGeometry.h(48,1): warning C4267: 'return': conversion from 'size_t' to 'unsigned int', possible loss of data
C:\Users\Akeina\Desktop\New folder\NEW GL CODE - Copy\Common\MeshGeometry.h(52,1): warning C4267: 'return': conversion from 'size_t' to 'unsigned int', possible loss of data
C:\Users\Akeina\Desktop\New folder\NEW GL CODE - Copy\CSC3223\CSC3223Coursework1\Coursework1.cpp(26,51): warning C4305: 'argument': truncation from 'double' to 'float'
C:\Users\Akeina\Desktop\New folder\NEW GL CODE - Copy\CSC3223\CSC3223Coursework1\Coursework1.cpp(26,72): warning C4305: 'argument': truncation from 'double' to 'float'
C:\Users\Akeina\Desktop\New folder\NEW GL CODE - Copy\CSC3223\CSC3223Coursework1\Coursework1.cpp(26,93): warning C4305: 'argument': truncation from 'double' to 'float'
C:\Users\Akeina\Desktop\New folder\NEW GL CODE - Copy\CSC3223\CSC3223Coursework1\Coursework1.cpp(26,115): warning C4305: 'argument': truncation from 'double' to 'float'
C:\Users\Akeina\Desktop\New folder\NEW GL CODE - Copy\CSC3223\CSC3223Coursework1\Coursework1.cpp(28,54): warning C4305: 'argument': truncation from 'double' to 'float'
C:\Users\Akeina\Desktop\New folder\NEW GL CODE - Copy\CSC3223\CSC3223Coursework1\Coursework1.cpp(28,78): warning C4305: 'argument': truncation from 'double' to 'float'
C:\Users\Akeina\Desktop\New folder\NEW GL CODE - Copy\CSC3223\CSC3223Coursework1\Coursework1.cpp(28,102): warning C4305: 'argument': truncation from 'double' to 'float'
C:\Users\Akeina\Desktop\New folder\NEW GL CODE - Copy\CSC3223\CSC3223Coursework1\Coursework1.cpp(28,126): warning C4305: 'argument': truncation from 'double' to 'float'
C:\Users\Akeina\Desktop\New folder\NEW GL CODE - Copy\CSC3223\CSC3223Coursework1\Coursework1.cpp(44,47): warning C4305: 'argument': truncation from 'double' to 'float'
C:\Users\Akeina\Desktop\New folder\NEW GL CODE - Copy\CSC3223\CSC3223Coursework1\Coursework1.cpp(44,67): warning C4305: 'argument': truncation from 'double' to 'float'
C:\Users\Akeina\Desktop\New folder\NEW GL CODE - Copy\CSC3223\CSC3223Coursework1\Coursework1.cpp(44,87): warning C4305: 'argument': truncation from 'double' to 'float'
C:\Users\Akeina\Desktop\New folder\NEW GL CODE - Copy\CSC3223\CSC3223Coursework1\Coursework1.cpp(44,104): warning C4305: 'argument': truncation from 'double' to 'float'
C:\Users\Akeina\Desktop\New folder\NEW GL CODE - Copy\CSC3223\CSC3223Coursework1\Coursework1.cpp(45,26): warning C4305: 'argument': truncation from 'double' to 'float'
C:\Users\Akeina\Desktop\New folder\NEW GL CODE - Copy\CSC3223\CSC3223Coursework1\Coursework1.cpp(45,47): warning C4305: 'argument': truncation from 'double' to 'float'
C:\Users\Akeina\Desktop\New folder\NEW GL CODE - Copy\CSC3223\CSC3223Coursework1\Coursework1.cpp(45,67): warning C4305: 'argument': truncation from 'double' to 'float'
C:\Users\Akeina\Desktop\New folder\NEW GL CODE - Copy\CSC3223\CSC3223Coursework1\Coursework1.cpp(45,87): warning C4305: 'argument': truncation from 'double' to 'float'
C:\Users\Akeina\Desktop\New folder\NEW GL CODE - Copy\CSC3223\CSC3223Coursework1\Coursework1.cpp(53,63): warning C4244: 'argument': conversion from 'int' to 'float', possible loss of data
C:\Users\Akeina\Desktop\New folder\NEW GL CODE - Copy\CSC3223\CSC3223Coursework1\Coursework1.cpp(53,55): warning C4244: 'argument': conversion from 'int' to 'float', possible loss of data
C:\Users\Akeina\Desktop\New folder\NEW GL CODE - Copy\CSC3223\CSC3223Coursework1\Coursework1.cpp(62,47): warning C4305: 'argument': truncation from 'double' to 'float'
C:\Users\Akeina\Desktop\New folder\NEW GL CODE - Copy\CSC3223\CSC3223Coursework1\Coursework1.cpp(62,67): warning C4305: 'argument': truncation from 'double' to 'float'
C:\Users\Akeina\Desktop\New folder\NEW GL CODE - Copy\CSC3223\CSC3223Coursework1\Coursework1.cpp(62,87): warning C4305: 'argument': truncation from 'double' to 'float'
C:\Users\Akeina\Desktop\New folder\NEW GL CODE - Copy\CSC3223\CSC3223Coursework1\Coursework1.cpp(62,104): warning C4305: 'argument': truncation from 'double' to 'float'
C:\Users\Akeina\Desktop\New folder\NEW GL CODE - Copy\CSC3223\CSC3223Coursework1\Coursework1.cpp(63,26): warning C4305: 'argument': truncation from 'double' to 'float'
C:\Users\Akeina\Desktop\New folder\NEW GL CODE - Copy\CSC3223\CSC3223Coursework1\Coursework1.cpp(63,47): warning C4305: 'argument': truncation from 'double' to 'float'
C:\Users\Akeina\Desktop\New folder\NEW GL CODE - Copy\CSC3223\CSC3223Coursework1\Coursework1.cpp(63,67): warning C4305: 'argument': truncation from 'double' to 'float'
C:\Users\Akeina\Desktop\New folder\NEW GL CODE - Copy\CSC3223\CSC3223Coursework1\Coursework1.cpp(63,87): warning C4305: 'argument': truncation from 'double' to 'float'
C:\Users\Akeina\Desktop\New folder\NEW GL CODE - Copy\CSC3223\CSC3223Coursework1\Coursework1.cpp(72,73): warning C4244: 'argument': conversion from 'int' to 'float', possible loss of data
C:\Users\Akeina\Desktop\New folder\NEW GL CODE - Copy\CSC3223\CSC3223Coursework1\Coursework1.cpp(72,64): warning C4244: 'argument': conversion from 'int' to 'float', possible loss of data
C:\Users\Akeina\Desktop\New folder\NEW GL CODE - Copy\CSC3223\CSC3223Coursework1\Coursework1.cpp(72,56): warning C4244: 'argument': conversion from 'int' to 'float', possible loss of data
C:\Users\Akeina\Desktop\New folder\NEW GL CODE - Copy\CSC3223\CSC3223Coursework1\Coursework1.cpp(84,24): warning C4305: 'argument': truncation from 'double' to 'float'
C:\Users\Akeina\Desktop\New folder\NEW GL CODE - Copy\CSC3223\CSC3223Coursework1\Coursework1.cpp(85,22): warning C4305: 'argument': truncation from 'double' to 'float'
C:\Users\Akeina\Desktop\New folder\NEW GL CODE - Copy\CSC3223\CSC3223Coursework1\Coursework1.cpp(86,22): warning C4305: 'argument': truncation from 'double' to 'float'
C:\Users\Akeina\Desktop\New folder\NEW GL CODE - Copy\CSC3223\CSC3223Coursework1\Coursework1.cpp(87,22): warning C4305: 'argument': truncation from 'double' to 'float'
C:\Users\Akeina\Desktop\New folder\NEW GL CODE - Copy\CSC3223\CSC3223Coursework1\Coursework1.cpp(88,22): warning C4305: 'argument': truncation from 'double' to 'float'
C:\Users\Akeina\Desktop\New folder\NEW GL CODE - Copy\CSC3223\CSC3223Coursework1\Coursework1.cpp(89,22): warning C4305: 'argument': truncation from 'double' to 'float'
C:\Users\Akeina\Desktop\New folder\NEW GL CODE - Copy\CSC3223\CSC3223Coursework1\Coursework1.cpp(91,22): warning C4305: 'argument': truncation from 'double' to 'float'
C:\Users\Akeina\Desktop\New folder\NEW GL CODE - Copy\CSC3223\CSC3223Coursework1\Coursework1.cpp(92,22): warning C4305: 'argument': truncation from 'double' to 'float'
C:\Users\Akeina\Desktop\New folder\NEW GL CODE - Copy\CSC3223\CSC3223Coursework1\Coursework1.cpp(93,22): warning C4305: 'argument': truncation from 'double' to 'float'
C:\Users\Akeina\Desktop\New folder\NEW GL CODE - Copy\CSC3223\CSC3223Coursework1\Coursework1.cpp(94,22): warning C4305: 'argument': truncation from 'double' to 'float'
C:\Users\Akeina\Desktop\New folder\NEW GL CODE - Copy\CSC3223\CSC3223Coursework1\Coursework1.cpp(95,22): warning C4305: 'argument': truncation from 'double' to 'float'
C:\Users\Akeina\Desktop\New folder\NEW GL CODE - Copy\CSC3223\CSC3223Coursework1\Coursework1.cpp(97,22): warning C4305: 'argument': truncation from 'double' to 'float'
C:\Users\Akeina\Desktop\New folder\NEW GL CODE - Copy\CSC3223\CSC3223Coursework1\Coursework1.cpp(98,22): warning C4305: 'argument': truncation from 'double' to 'float'
C:\Users\Akeina\Desktop\New folder\NEW GL CODE - Copy\CSC3223\CSC3223Coursework1\Coursework1.cpp(99,22): warning C4305: 'argument': truncation from 'double' to 'float'
C:\Users\Akeina\Desktop\New folder\NEW GL CODE - Copy\CSC3223\CSC3223Coursework1\Coursework1.cpp(100,22): warning C4305: 'argument': truncation from 'double' to 'float'
C:\Users\Akeina\Desktop\New folder\NEW GL CODE - Copy\CSC3223\CSC3223Coursework1\Coursework1.cpp(101,22): warning C4305: 'argument': truncation from 'double' to 'float'
C:\Users\Akeina\Desktop\New folder\NEW GL CODE - Copy\CSC3223\CSC3223Coursework1\Coursework1.cpp(103,22): warning C4305: 'argument': truncation from 'double' to 'float'
C:\Users\Akeina\Desktop\New folder\NEW GL CODE - Copy\CSC3223\CSC3223Coursework1\Coursework1.cpp(104,22): warning C4305: 'argument': truncation from 'double' to 'float'
C:\Users\Akeina\Desktop\New folder\NEW GL CODE - Copy\CSC3223\CSC3223Coursework1\Coursework1.cpp(105,22): warning C4305: 'argument': truncation from 'double' to 'float'
C:\Users\Akeina\Desktop\New folder\NEW GL CODE - Copy\CSC3223\CSC3223Coursework1\Coursework1.cpp(106,22): warning C4305: 'argument': truncation from 'double' to 'float'
C:\Users\Akeina\Desktop\New folder\NEW GL CODE - Copy\CSC3223\CSC3223Coursework1\Coursework1.cpp(107,22): warning C4305: 'argument': truncation from 'double' to 'float'
C:\Users\Akeina\Desktop\New folder\NEW GL CODE - Copy\CSC3223\CSC3223Coursework1\Coursework1.cpp(108,22): warning C4305: 'argument': truncation from 'double' to 'float'
C:\Users\Akeina\Desktop\New folder\NEW GL CODE - Copy\CSC3223\CSC3223Coursework1\Coursework1.cpp(111,50): warning C4305: 'argument': truncation from 'double' to 'float'
C:\Users\Akeina\Desktop\New folder\NEW GL CODE - Copy\CSC3223\CSC3223Coursework1\Coursework1.cpp(111,76): warning C4305: 'argument': truncation from 'double' to 'float'
C:\Users\Akeina\Desktop\New folder\NEW GL CODE - Copy\CSC3223\CSC3223Coursework1\Coursework1.cpp(111,102): warning C4305: 'argument': truncation from 'double' to 'float'
C:\Users\Akeina\Desktop\New folder\NEW GL CODE - Copy\CSC3223\CSC3223Coursework1\Coursework1.cpp(112,26): warning C4305: 'argument': truncation from 'double' to 'float'
C:\Users\Akeina\Desktop\New folder\NEW GL CODE - Copy\CSC3223\CSC3223Coursework1\Coursework1.cpp(112,52): warning C4305: 'argument': truncation from 'double' to 'float'
C:\Users\Akeina\Desktop\New folder\NEW GL CODE - Copy\CSC3223\CSC3223Coursework1\Coursework1.cpp(112,78): warning C4305: 'argument': truncation from 'double' to 'float'
C:\Users\Akeina\Desktop\New folder\NEW GL CODE - Copy\CSC3223\CSC3223Coursework1\Coursework1.cpp(113,26): warning C4305: 'argument': truncation from 'double' to 'float'
C:\Users\Akeina\Desktop\New folder\NEW GL CODE - Copy\CSC3223\CSC3223Coursework1\Coursework1.cpp(113,52): warning C4305: 'argument': truncation from 'double' to 'float'
C:\Users\Akeina\Desktop\New folder\NEW GL CODE - Copy\CSC3223\CSC3223Coursework1\Coursework1.cpp(113,78): warning C4305: 'argument': truncation from 'double' to 'float'
C:\Users\Akeina\Desktop\New folder\NEW GL CODE - Copy\CSC3223\CSC3223Coursework1\Coursework1.cpp(114,26): warning C4305: 'argument': truncation from 'double' to 'float'
C:\Users\Akeina\Desktop\New folder\NEW GL CODE - Copy\CSC3223\CSC3223Coursework1\Coursework1.cpp(114,52): warning C4305: 'argument': truncation from 'double' to 'float'
C:\Users\Akeina\Desktop\New folder\NEW GL CODE - Copy\CSC3223\CSC3223Coursework1\Coursework1.cpp(114,78): warning C4305: 'argument': truncation from 'double' to 'float'
C:\Users\Akeina\Desktop\New folder\NEW GL CODE - Copy\CSC3223\CSC3223Coursework1\Coursework1.cpp(115,26): warning C4305: 'argument': truncation from 'double' to 'float'
C:\Users\Akeina\Desktop\New folder\NEW GL CODE - Copy\CSC3223\CSC3223Coursework1\Coursework1.cpp(115,52): warning C4305: 'argument': truncation from 'double' to 'float'
C:\Users\Akeina\Desktop\New folder\NEW GL CODE - Copy\CSC3223\CSC3223Coursework1\Coursework1.cpp(115,78): warning C4305: 'argument': truncation from 'double' to 'float'
C:\Users\Akeina\Desktop\New folder\NEW GL CODE - Copy\CSC3223\CSC3223Coursework1\Coursework1.cpp(116,26): warning C4305: 'argument': truncation from 'double' to 'float'
C:\Users\Akeina\Desktop\New folder\NEW GL CODE - Copy\CSC3223\CSC3223Coursework1\Coursework1.cpp(116,52): warning C4305: 'argument': truncation from 'double' to 'float'
C:\Users\Akeina\Desktop\New folder\NEW GL CODE - Copy\CSC3223\CSC3223Coursework1\Coursework1.cpp(116,78): warning C4305: 'argument': truncation from 'double' to 'float'
C:\Users\Akeina\Desktop\New folder\NEW GL CODE - Copy\CSC3223\CSC3223Coursework1\Coursework1.cpp(117,26): warning C4305: 'argument': truncation from 'double' to 'float'
C:\Users\Akeina\Desktop\New folder\NEW GL CODE - Copy\CSC3223\CSC3223Coursework1\Coursework1.cpp(117,52): warning C4305: 'argument': truncation from 'double' to 'float'
C:\Users\Akeina\Desktop\New folder\NEW GL CODE - Copy\CSC3223\CSC3223Coursework1\Coursework1.cpp(117,78): warning C4305: 'argument': truncation from 'double' to 'float'
C:\Users\Akeina\Desktop\New folder\NEW GL CODE - Copy\CSC3223\CSC3223Coursework1\Coursework1.cpp(118,26): warning C4305: 'argument': truncation from 'double' to 'float'
C:\Users\Akeina\Desktop\New folder\NEW GL CODE - Copy\CSC3223\CSC3223Coursework1\Coursework1.cpp(152,64): warning C4244: 'argument': conversion from 'int' to 'float', possible loss of data
C:\Users\Akeina\Desktop\New folder\NEW GL CODE - Copy\CSC3223\CSC3223Coursework1\Coursework1.cpp(152,55): warning C4244: 'argument': conversion from 'int' to 'float', possible loss of data
C:\Users\Akeina\Desktop\New folder\NEW GL CODE - Copy\CSC3223\CSC3223Coursework1\Coursework1.cpp(170,54): warning C4305: 'argument': truncation from 'double' to 'float'
C:\Users\Akeina\Desktop\New folder\NEW GL CODE - Copy\CSC3223\CSC3223Coursework1\Coursework1.cpp(170,79): warning C4305: 'argument': truncation from 'double' to 'float'
C:\Users\Akeina\Desktop\New folder\NEW GL CODE - Copy\CSC3223\CSC3223Coursework1\Coursework1.cpp(170,105): warning C4305: 'argument': truncation from 'double' to 'float'
C:\Users\Akeina\Desktop\New folder\NEW GL CODE - Copy\CSC3223\CSC3223Coursework1\Coursework1.cpp(170,131): warning C4305: 'argument': truncation from 'double' to 'float'
C:\Users\Akeina\Desktop\New folder\NEW GL CODE - Copy\CSC3223\CSC3223Coursework1\Coursework1.cpp(171,27): warning C4305: 'argument': truncation from 'double' to 'float'
C:\Users\Akeina\Desktop\New folder\NEW GL CODE - Copy\CSC3223\CSC3223Coursework1\Coursework1.cpp(171,54): warning C4305: 'argument': truncation from 'double' to 'float'
C:\Users\Akeina\Desktop\New folder\NEW GL CODE - Copy\CSC3223\CSC3223Coursework1\Coursework1.cpp(171,81): warning C4305: 'argument': truncation from 'double' to 'float'
C:\Users\Akeina\Desktop\New folder\NEW GL CODE - Copy\CSC3223\CSC3223Coursework1\Coursework1.cpp(172,52): warning C4305: 'argument': truncation from 'double' to 'float'
C:\Users\Akeina\Desktop\New folder\NEW GL CODE - Copy\CSC3223\CSC3223Coursework1\Coursework1.cpp(172,69): warning C4305: 'argument': truncation from 'double' to 'float'
C:\Users\Akeina\Desktop\New folder\NEW GL CODE - Copy\CSC3223\CSC3223Coursework1\Coursework1.cpp(172,99): warning C4305: 'argument': truncation from 'double' to 'float'
C:\Users\Akeina\Desktop\New folder\NEW GL CODE - Copy\CSC3223\CSC3223Coursework1\Coursework1.cpp(172,116): warning C4305: 'argument': truncation from 'double' to 'float'
C:\Users\Akeina\Desktop\New folder\NEW GL CODE - Copy\CSC3223\CSC3223Coursework1\Coursework1.cpp(172,133): warning C4305: 'argument': truncation from 'double' to 'float'
C:\Users\Akeina\Desktop\New folder\NEW GL CODE - Copy\CSC3223\CSC3223Coursework1\Coursework1.cpp(172,150): warning C4305: 'argument': truncation from 'double' to 'float'
C:\Users\Akeina\Desktop\New folder\NEW GL CODE - Copy\CSC3223\CSC3223Coursework1\Coursework1.cpp(180,64): warning C4305: 'argument': truncation from 'double' to 'float'
C:\Users\Akeina\Desktop\New folder\NEW GL CODE - Copy\CSC3223\CSC3223Coursework1\Coursework1.cpp(183,66): warning C4305: 'argument': truncation from 'double' to 'float'
C:\Users\Akeina\Desktop\New folder\NEW GL CODE - Copy\CSC3223\CSC3223Coursework1\Coursework1.cpp(213,89): warning C4305: 'argument': truncation from 'double' to 'float'
C:\Users\Akeina\Desktop\New folder\NEW GL CODE - Copy\CSC3223\CSC3223Coursework1\Coursework1.cpp(213,115): warning C4305: 'argument': truncation from 'double' to 'float'
C:\Users\Akeina\Desktop\New folder\NEW GL CODE - Copy\CSC3223\CSC3223Coursework1\Coursework1.cpp(214,27): warning C4305: 'argument': truncation from 'double' to 'float'
C:\Users\Akeina\Desktop\New folder\NEW GL CODE - Copy\CSC3223\CSC3223Coursework1\Coursework1.cpp(214,54): warning C4305: 'argument': truncation from 'double' to 'float'
C:\Users\Akeina\Desktop\New folder\NEW GL CODE - Copy\CSC3223\CSC3223Coursework1\Coursework1.cpp(214,81): warning C4305: 'argument': truncation from 'double' to 'float'
C:\Users\Akeina\Desktop\New folder\NEW GL CODE - Copy\CSC3223\CSC3223Coursework1\Coursework1.cpp(220,55): warning C4305: 'argument': truncation from 'double' to 'float'
C:\Users\Akeina\Desktop\New folder\NEW GL CODE - Copy\CSC3223\CSC3223Coursework1\Coursework1.cpp(222,65): warning C4305: 'argument': truncation from 'double' to 'float'
C:\Users\Akeina\Desktop\New folder\NEW GL CODE - Copy\CSC3223\CSC3223Coursework1\Coursework1.cpp(223,66): warning C4305: 'argument': truncation from 'double' to 'float'
C:\Users\Akeina\Desktop\New folder\NEW GL CODE - Copy\CSC3223\CSC3223Coursework1\Coursework1.cpp(224,65): warning C4305: 'argument': truncation from 'double' to 'float'
C:\Users\Akeina\Desktop\New folder\NEW GL CODE - Copy\CSC3223\CSC3223Coursework1\Coursework1.cpp(242,54): warning C4305: 'argument': truncation from 'double' to 'float'
C:\Users\Akeina\Desktop\New folder\NEW GL CODE - Copy\CSC3223\CSC3223Coursework1\Coursework1.cpp(242,79): warning C4305: 'argument': truncation from 'double' to 'float'
C:\Users\Akeina\Desktop\New folder\NEW GL CODE - Copy\CSC3223\CSC3223Coursework1\Coursework1.cpp(242,105): warning C4305: 'argument': truncation from 'double' to 'float'
C:\Users\Akeina\Desktop\New folder\NEW GL CODE - Copy\CSC3223\CSC3223Coursework1\Coursework1.cpp(242,131): warning C4305: 'argument': truncation from 'double' to 'float'
C:\Users\Akeina\Desktop\New folder\NEW GL CODE - Copy\CSC3223\CSC3223Coursework1\Coursework1.cpp(243,27): warning C4305: 'argument': truncation from 'double' to 'float'
C:\Users\Akeina\Desktop\New folder\NEW GL CODE - Copy\CSC3223\CSC3223Coursework1\Coursework1.cpp(243,54): warning C4305: 'argument': truncation from 'double' to 'float'
C:\Users\Akeina\Desktop\New folder\NEW GL CODE - Copy\CSC3223\CSC3223Coursework1\Coursework1.cpp(243,81): warning C4305: 'argument': truncation from 'double' to 'float'
C:\Users\Akeina\Desktop\New folder\NEW GL CODE - Copy\CSC3223\CSC3223Coursework1\Coursework1.cpp(244,52): warning C4305: 'argument': truncation from 'double' to 'float'
C:\Users\Akeina\Desktop\New folder\NEW GL CODE - Copy\CSC3223\CSC3223Coursework1\Coursework1.cpp(244,69): warning C4305: 'argument': truncation from 'double' to 'float'
C:\Users\Akeina\Desktop\New folder\NEW GL CODE - Copy\CSC3223\CSC3223Coursework1\Coursework1.cpp(244,99): warning C4305: 'argument': truncation from 'double' to 'float'
C:\Users\Akeina\Desktop\New folder\NEW GL CODE - Copy\CSC3223\CSC3223Coursework1\Coursework1.cpp(244,116): warning C4305: 'argument': truncation from 'double' to 'float'
C:\Users\Akeina\Desktop\New folder\NEW GL CODE - Copy\CSC3223\CSC3223Coursework1\Coursework1.cpp(244,133): warning C4305: 'argument': truncation from 'double' to 'float'
C:\Users\Akeina\Desktop\New folder\NEW GL CODE - Copy\CSC3223\CSC3223Coursework1\Coursework1.cpp(244,150): warning C4305: 'argument': truncation from 'double' to 'float'
C:\Users\Akeina\Desktop\New folder\NEW GL CODE - Copy\CSC3223\CSC3223Coursework1\Coursework1.cpp(251,55): warning C4305: 'argument': truncation from 'double' to 'float'
C:\Users\Akeina\Desktop\New folder\NEW GL CODE - Copy\CSC3223\CSC3223Coursework1\Coursework1.cpp(254,64): warning C4305: 'argument': truncation from 'double' to 'float'
C:\Users\Akeina\Desktop\New folder\NEW GL CODE - Copy\CSC3223\CSC3223Coursework1\Coursework1.cpp(255,64): warning C4305: 'argument': truncation from 'double' to 'float'
C:\Users\Akeina\Desktop\New folder\NEW GL CODE - Copy\CSC3223\CSC3223Coursework1\Coursework1.cpp(256,65): warning C4305: 'argument': truncation from 'double' to 'float'
C:\Users\Akeina\Desktop\New folder\NEW GL CODE - Copy\CSC3223\CSC3223Coursework1\Coursework1.cpp(257,64): warning C4305: 'argument': truncation from 'double' to 'float'
C:\Users\Akeina\Desktop\New folder\NEW GL CODE - Copy\CSC3223\CSC3223Coursework1\Coursework1.cpp(312,27): warning C4305: 'argument': truncation from 'double' to 'float'
C:\Users\Akeina\Desktop\New folder\NEW GL CODE - Copy\CSC3223\CSC3223Coursework1\Coursework1.cpp(312,54): warning C4305: 'argument': truncation from 'double' to 'float'
C:\Users\Akeina\Desktop\New folder\NEW GL CODE - Copy\CSC3223\CSC3223Coursework1\Coursework1.cpp(312,81): warning C4305: 'argument': truncation from 'double' to 'float'
C:\Users\Akeina\Desktop\New folder\NEW GL CODE - Copy\CSC3223\CSC3223Coursework1\Coursework1.cpp(313,27): warning C4305: 'argument': truncation from 'double' to 'float'
C:\Users\Akeina\Desktop\New folder\NEW GL CODE - Copy\CSC3223\CSC3223Coursework1\Coursework1.cpp(313,54): warning C4305: 'argument': truncation from 'double' to 'float'
C:\Users\Akeina\Desktop\New folder\NEW GL CODE - Copy\CSC3223\CSC3223Coursework1\Coursework1.cpp(313,81): warning C4305: 'argument': truncation from 'double' to 'float'
C:\Users\Akeina\Desktop\New folder\NEW GL CODE - Copy\CSC3223\CSC3223Coursework1\Coursework1.cpp(314,27): warning C4305: 'argument': truncation from 'double' to 'float'
C:\Users\Akeina\Desktop\New folder\NEW GL CODE - Copy\CSC3223\CSC3223Coursework1\Coursework1.cpp(314,54): warning C4305: 'argument': truncation from 'double' to 'float'
C:\Users\Akeina\Desktop\New folder\NEW GL CODE - Copy\CSC3223\CSC3223Coursework1\Coursework1.cpp(314,81): warning C4305: 'argument': truncation from 'double' to 'float'
C:\Users\Akeina\Desktop\New folder\NEW GL CODE - Copy\CSC3223\CSC3223Coursework1\Coursework1.cpp(315,27): warning C4305: 'argument': truncation from 'double' to 'float'
C:\Users\Akeina\Desktop\New folder\NEW GL CODE - Copy\CSC3223\CSC3223Coursework1\Coursework1.cpp(315,54): warning C4305: 'argument': truncation from 'double' to 'float'
C:\Users\Akeina\Desktop\New folder\NEW GL CODE - Copy\CSC3223\CSC3223Coursework1\Coursework1.cpp(315,81): warning C4305: 'argument': truncation from 'double' to 'float'
C:\Users\Akeina\Desktop\New folder\NEW GL CODE - Copy\CSC3223\CSC3223Coursework1\Coursework1.cpp(316,27): warning C4305: 'argument': truncation from 'double' to 'float'
C:\Users\Akeina\Desktop\New folder\NEW GL CODE - Copy\CSC3223\CSC3223Coursework1\Coursework1.cpp(316,76): warning C4305: 'argument': truncation from 'double' to 'float'
C:\Users\Akeina\Desktop\New folder\NEW GL CODE - Copy\CSC3223\CSC3223Coursework1\Coursework1.cpp(317,27): warning C4305: 'argument': truncation from 'double' to 'float'
C:\Users\Akeina\Desktop\New folder\NEW GL CODE - Copy\CSC3223\CSC3223Coursework1\Coursework1.cpp(317,54): warning C4305: 'argument': truncation from 'double' to 'float'
C:\Users\Akeina\Desktop\New folder\NEW GL CODE - Copy\CSC3223\CSC3223Coursework1\Coursework1.cpp(317,81): warning C4305: 'argument': truncation from 'double' to 'float'
C:\Users\Akeina\Desktop\New folder\NEW GL CODE - Copy\CSC3223\CSC3223Coursework1\Coursework1.cpp(318,27): warning C4305: 'argument': truncation from 'double' to 'float'
C:\Users\Akeina\Desktop\New folder\NEW GL CODE - Copy\CSC3223\CSC3223Coursework1\Coursework1.cpp(318,54): warning C4305: 'argument': truncation from 'double' to 'float'
C:\Users\Akeina\Desktop\New folder\NEW GL CODE - Copy\CSC3223\CSC3223Coursework1\Coursework1.cpp(318,81): warning C4305: 'argument': truncation from 'double' to 'float'
C:\Users\Akeina\Desktop\New folder\NEW GL CODE - Copy\CSC3223\CSC3223Coursework1\Coursework1.cpp(319,27): warning C4305: 'argument': truncation from 'double' to 'float'
C:\Users\Akeina\Desktop\New folder\NEW GL CODE - Copy\CSC3223\CSC3223Coursework1\Coursework1.cpp(319,54): warning C4305: 'argument': truncation from 'double' to 'float'
C:\Users\Akeina\Desktop\New folder\NEW GL CODE - Copy\CSC3223\CSC3223Coursework1\Coursework1.cpp(319,81): warning C4305: 'argument': truncation from 'double' to 'float'
C:\Users\Akeina\Desktop\New folder\NEW GL CODE - Copy\CSC3223\CSC3223Coursework1\Coursework1.cpp(320,27): warning C4305: 'argument': truncation from 'double' to 'float'
C:\Users\Akeina\Desktop\New folder\NEW GL CODE - Copy\CSC3223\CSC3223Coursework1\Coursework1.cpp(320,54): warning C4305: 'argument': truncation from 'double' to 'float'
C:\Users\Akeina\Desktop\New folder\NEW GL CODE - Copy\CSC3223\CSC3223Coursework1\Coursework1.cpp(320,81): warning C4305: 'argument': truncation from 'double' to 'float'
C:\Users\Akeina\Desktop\New folder\NEW GL CODE - Copy\CSC3223\CSC3223Coursework1\Coursework1.cpp(321,60): warning C4305: 'argument': truncation from 'double' to 'float'
C:\Users\Akeina\Desktop\New folder\NEW GL CODE - Copy\CSC3223\CSC3223Coursework1\Coursework1.cpp(322,60): warning C4305: 'argument': truncation from 'double' to 'float'
C:\Users\Akeina\Desktop\New folder\NEW GL CODE - Copy\CSC3223\CSC3223Coursework1\Coursework1.cpp(323,60): warning C4305: 'argument': truncation from 'double' to 'float'
C:\Users\Akeina\Desktop\New folder\NEW GL CODE - Copy\CSC3223\CSC3223Coursework1\Coursework1.cpp(324,60): warning C4305: 'argument': truncation from 'double' to 'float'
C:\Users\Akeina\Desktop\New folder\NEW GL CODE - Copy\CSC3223\CSC3223Coursework1\Coursework1.cpp(325,27): warning C4305: 'argument': truncation from 'double' to 'float'
C:\Users\Akeina\Desktop\New folder\NEW GL CODE - Copy\CSC3223\CSC3223Coursework1\Coursework1.cpp(325,54): warning C4305: 'argument': truncation from 'double' to 'float'
C:\Users\Akeina\Desktop\New folder\NEW GL CODE - Copy\CSC3223\CSC3223Coursework1\Coursework1.cpp(325,81): warning C4305: 'argument': truncation from 'double' to 'float'
C:\Users\Akeina\Desktop\New folder\NEW GL CODE - Copy\CSC3223\CSC3223Coursework1\Coursework1.cpp(326,27): warning C4305: 'argument': truncation from 'double' to 'float'
C:\Users\Akeina\Desktop\New folder\NEW GL CODE - Copy\CSC3223\CSC3223Coursework1\Coursework1.cpp(326,54): warning C4305: 'argument': truncation from 'double' to 'float'
C:\Users\Akeina\Desktop\New folder\NEW GL CODE - Copy\CSC3223\CSC3223Coursework1\Coursework1.cpp(326,81): warning C4305: 'argument': truncation from 'double' to 'float'
C:\Users\Akeina\Desktop\New folder\NEW GL CODE - Copy\CSC3223\CSC3223Coursework1\Coursework1.cpp(327,27): warning C4305: 'argument': truncation from 'double' to 'float'
C:\Users\Akeina\Desktop\New folder\NEW GL CODE - Copy\CSC3223\CSC3223Coursework1\Coursework1.cpp(327,54): warning C4305: 'argument': truncation from 'double' to 'float'
C:\Users\Akeina\Desktop\New folder\NEW GL CODE - Copy\CSC3223\CSC3223Coursework1\Coursework1.cpp(327,81): warning C4305: 'argument': truncation from 'double' to 'float'
C:\Users\Akeina\Desktop\New folder\NEW GL CODE - Copy\CSC3223\CSC3223Coursework1\Coursework1.cpp(328,49): warning C4305: 'argument': truncation from 'double' to 'float'
C:\Users\Akeina\Desktop\New folder\NEW GL CODE - Copy\CSC3223\CSC3223Coursework1\Coursework1.cpp(328,76): warning C4305: 'argument': truncation from 'double' to 'float'
C:\Users\Akeina\Desktop\New folder\NEW GL CODE - Copy\CSC3223\CSC3223Coursework1\Coursework1.cpp(329,27): warning C4305: 'argument': truncation from 'double' to 'float'
C:\Users\Akeina\Desktop\New folder\NEW GL CODE - Copy\CSC3223\CSC3223Coursework1\Coursework1.cpp(329,54): warning C4305: 'argument': truncation from 'double' to 'float'
C:\Users\Akeina\Desktop\New folder\NEW GL CODE - Copy\CSC3223\CSC3223Coursework1\Coursework1.cpp(329,81): warning C4305: 'argument': truncation from 'double' to 'float'
C:\Users\Akeina\Desktop\New folder\NEW GL CODE - Copy\CSC3223\CSC3223Coursework1\Coursework1.cpp(330,27): warning C4305: 'argument': truncation from 'double' to 'float'
C:\Users\Akeina\Desktop\New folder\NEW GL CODE - Copy\CSC3223\CSC3223Coursework1\Coursework1.cpp(330,54): warning C4305: 'argument': truncation from 'double' to 'float'
C:\Users\Akeina\Desktop\New folder\NEW GL CODE - Copy\CSC3223\CSC3223Coursework1\Coursework1.cpp(330,81): warning C4305: 'argument': truncation from 'double' to 'float'
C:\Users\Akeina\Desktop\New folder\NEW GL CODE - Copy\CSC3223\CSC3223Coursework1\Coursework1.cpp(331,27): warning C4305: 'argument': truncation from 'double' to 'float'
C:\Users\Akeina\Desktop\New folder\NEW GL CODE - Copy\CSC3223\CSC3223Coursework1\Coursework1.cpp(331,54): warning C4305: 'argument': truncation from 'double' to 'float'
C:\Users\Akeina\Desktop\New folder\NEW GL CODE - Copy\CSC3223\CSC3223Coursework1\Coursework1.cpp(331,81): warning C4305: 'argument': truncation from 'double' to 'float'
C:\Users\Akeina\Desktop\New folder\NEW GL CODE - Copy\CSC3223\CSC3223Coursework1\Coursework1.cpp(332,27): warning C4305: 'argument': truncation from 'double' to 'float'
C:\Users\Akeina\Desktop\New folder\NEW GL CODE - Copy\CSC3223\CSC3223Coursework1\Coursework1.cpp(332,54): warning C4305: 'argument': truncation from 'double' to 'float'
C:\Users\Akeina\Desktop\New folder\NEW GL CODE - Copy\CSC3223\CSC3223Coursework1\Coursework1.cpp(332,81): warning C4305: 'argument': truncation from 'double' to 'float'
C:\Users\Akeina\Desktop\New folder\NEW GL CODE - Copy\CSC3223\CSC3223Coursework1\Coursework1.cpp(343,27): warning C4305: 'argument': truncation from 'double' to 'float'
C:\Users\Akeina\Desktop\New folder\NEW GL CODE - Copy\CSC3223\CSC3223Coursework1\Coursework1.cpp(343,53): warning C4305: 'argument': truncation from 'double' to 'float'
C:\Users\Akeina\Desktop\New folder\NEW GL CODE - Copy\CSC3223\CSC3223Coursework1\Coursework1.cpp(344,27): warning C4305: 'argument': truncation from 'double' to 'float'
C:\Users\Akeina\Desktop\New folder\NEW GL CODE - Copy\CSC3223\CSC3223Coursework1\Coursework1.cpp(344,54): warning C4305: 'argument': truncation from 'double' to 'float'
C:\Users\Akeina\Desktop\New folder\NEW GL CODE - Copy\CSC3223\CSC3223Coursework1\Coursework1.cpp(345,27): warning C4305: 'argument': truncation from 'double' to 'float'
C:\Users\Akeina\Desktop\New folder\NEW GL CODE - Copy\CSC3223\CSC3223Coursework1\Coursework1.cpp(345,54): warning C4305: 'argument': truncation from 'double' to 'float'
C:\Users\Akeina\Desktop\New folder\NEW GL CODE - Copy\CSC3223\CSC3223Coursework1\Coursework1.cpp(346,27): warning C4305: 'argument': truncation from 'double' to 'float'
C:\Users\Akeina\Desktop\New folder\NEW GL CODE - Copy\CSC3223\CSC3223Coursework1\Coursework1.cpp(346,54): warning C4305: 'argument': truncation from 'double' to 'float'
C:\Users\Akeina\Desktop\New folder\NEW GL CODE - Copy\CSC3223\CSC3223Coursework1\Coursework1.cpp(355,64): warning C4305: 'argument': truncation from 'double' to 'float'
C:\Users\Akeina\Desktop\New folder\NEW GL CODE - Copy\CSC3223\CSC3223Coursework1\Coursework1.cpp(360,66): warning C4244: 'argument': conversion from 'int' to 'float', possible loss of data
C:\Users\Akeina\Desktop\New folder\NEW GL CODE - Copy\CSC3223\CSC3223Coursework1\Coursework1.cpp(458,24): warning C4305: 'argument': truncation from 'double' to 'float'
C:\Users\Akeina\Desktop\New folder\NEW GL CODE - Copy\CSC3223\CSC3223Coursework1\Coursework1.cpp(460,29): warning C4305: 'argument': truncation from 'double' to 'float'
C:\Users\Akeina\Desktop\New folder\NEW GL CODE - Copy\CSC3223\CSC3223Coursework1\Coursework1.cpp(461,30): warning C4305: 'argument': truncation from 'double' to 'float'
C:\Users\Akeina\Desktop\New folder\NEW GL CODE - Copy\CSC3223\CSC3223Coursework1\Coursework1.cpp(462,30): warning C4305: 'argument': truncation from 'double' to 'float'
C:\Users\Akeina\Desktop\New folder\NEW GL CODE - Copy\CSC3223\CSC3223Coursework1\Coursework1.cpp(463,30): warning C4305: 'argument': truncation from 'double' to 'float'
C:\Users\Akeina\Desktop\New folder\NEW GL CODE - Copy\CSC3223\CSC3223Coursework1\Coursework1.cpp(464,30): warning C4305: 'argument': truncation from 'double' to 'float'
C:\Users\Akeina\Desktop\New folder\NEW GL CODE - Copy\CSC3223\CSC3223Coursework1\Coursework1.cpp(465,30): warning C4305: 'argument': truncation from 'double' to 'float'
C:\Users\Akeina\Desktop\New folder\NEW GL CODE - Copy\CSC3223\CSC3223Coursework1\Coursework1.cpp(466,30): warning C4305: 'argument': truncation from 'double' to 'float'
C:\Users\Akeina\Desktop\New folder\NEW GL CODE - Copy\CSC3223\CSC3223Coursework1\Coursework1.cpp(467,30): warning C4305: 'argument': truncation from 'double' to 'float'
C:\Users\Akeina\Desktop\New folder\NEW GL CODE - Copy\CSC3223\CSC3223Coursework1\Coursework1.cpp(469,30): warning C4305: 'argument': truncation from 'double' to 'float'
C:\Users\Akeina\Desktop\New folder\NEW GL CODE - Copy\CSC3223\CSC3223Coursework1\Coursework1.cpp(470,30): warning C4305: 'argument': truncation from 'double' to 'float'
C:\Users\Akeina\Desktop\New folder\NEW GL CODE - Copy\CSC3223\CSC3223Coursework1\Coursework1.cpp(471,30): warning C4305: 'argument': truncation from 'double' to 'float'
C:\Users\Akeina\Desktop\New folder\NEW GL CODE - Copy\CSC3223\CSC3223Coursework1\Coursework1.cpp(472,30): warning C4305: 'argument': truncation from 'double' to 'float'
C:\Users\Akeina\Desktop\New folder\NEW GL CODE - Copy\CSC3223\CSC3223Coursework1\Coursework1.cpp(473,30): warning C4305: 'argument': truncation from 'double' to 'float'
C:\Users\Akeina\Desktop\New folder\NEW GL CODE - Copy\CSC3223\CSC3223Coursework1\Coursework1.cpp(474,24): warning C4305: 'argument': truncation from 'double' to 'float'
C:\Users\Akeina\Desktop\New folder\NEW GL CODE - Copy\CSC3223\CSC3223Coursework1\Coursework1.cpp(475,24): warning C4305: 'argument': truncation from 'double' to 'float'
C:\Users\Akeina\Desktop\New folder\NEW GL CODE - Copy\CSC3223\CSC3223Coursework1\Coursework1.cpp(476,24): warning C4305: 'argument': truncation from 'double' to 'float'
C:\Users\Akeina\Desktop\New folder\NEW GL CODE - Copy\CSC3223\CSC3223Coursework1\Coursework1.cpp(478,24): warning C4305: 'argument': truncation from 'double' to 'float'
C:\Users\Akeina\Desktop\New folder\NEW GL CODE - Copy\CSC3223\CSC3223Coursework1\Coursework1.cpp(479,24): warning C4305: 'argument': truncation from 'double' to 'float'
C:\Users\Akeina\Desktop\New folder\NEW GL CODE - Copy\CSC3223\CSC3223Coursework1\Coursework1.cpp(480,30): warning C4305: 'argument': truncation from 'double' to 'float'
C:\Users\Akeina\Desktop\New folder\NEW GL CODE - Copy\CSC3223\CSC3223Coursework1\Coursework1.cpp(481,30): warning C4305: 'argument': truncation from 'double' to 'float'
C:\Users\Akeina\Desktop\New folder\NEW GL CODE - Copy\CSC3223\CSC3223Coursework1\Coursework1.cpp(482,30): warning C4305: 'argument': truncation from 'double' to 'float'
C:\Users\Akeina\Desktop\New folder\NEW GL CODE - Copy\CSC3223\CSC3223Coursework1\Coursework1.cpp(483,30): warning C4305: 'argument': truncation from 'double' to 'float'
C:\Users\Akeina\Desktop\New folder\NEW GL CODE - Copy\CSC3223\CSC3223Coursework1\Coursework1.cpp(484,30): warning C4305: 'argument': truncation from 'double' to 'float'
C:\Users\Akeina\Desktop\New folder\NEW GL CODE - Copy\CSC3223\CSC3223Coursework1\Coursework1.cpp(485,30): warning C4305: 'argument': truncation from 'double' to 'float'
C:\Users\Akeina\Desktop\New folder\NEW GL CODE - Copy\CSC3223\CSC3223Coursework1\Coursework1.cpp(487,30): warning C4305: 'argument': truncation from 'double' to 'float'
C:\Users\Akeina\Desktop\New folder\NEW GL CODE - Copy\CSC3223\CSC3223Coursework1\Coursework1.cpp(488,30): warning C4305: 'argument': truncation from 'double' to 'float'
C:\Users\Akeina\Desktop\New folder\NEW GL CODE - Copy\CSC3223\CSC3223Coursework1\Coursework1.cpp(489,30): warning C4305: 'argument': truncation from 'double' to 'float'
C:\Users\Akeina\Desktop\New folder\NEW GL CODE - Copy\CSC3223\CSC3223Coursework1\Coursework1.cpp(490,29): warning C4305: 'argument': truncation from 'double' to 'float'
C:\Users\Akeina\Desktop\New folder\NEW GL CODE - Copy\CSC3223\CSC3223Coursework1\Coursework1.cpp(491,29): warning C4305: 'argument': truncation from 'double' to 'float'
C:\Users\Akeina\Desktop\New folder\NEW GL CODE - Copy\CSC3223\CSC3223Coursework1\Coursework1.cpp(492,29): warning C4305: 'argument': truncation from 'double' to 'float'
C:\Users\Akeina\Desktop\New folder\NEW GL CODE - Copy\CSC3223\CSC3223Coursework1\Coursework1.cpp(493,29): warning C4305: 'argument': truncation from 'double' to 'float'
C:\Users\Akeina\Desktop\New folder\NEW GL CODE - Copy\CSC3223\CSC3223Coursework1\Coursework1.cpp(494,29): warning C4305: 'argument': truncation from 'double' to 'float'
C:\Users\Akeina\Desktop\New folder\NEW GL CODE - Copy\CSC3223\CSC3223Coursework1\Coursework1.cpp(495,29): warning C4305: 'argument': truncation from 'double' to 'float'
C:\Users\Akeina\Desktop\New folder\NEW GL CODE - Copy\CSC3223\CSC3223Coursework1\Coursework1.cpp(501,66): warning C4305: 'argument': truncation from 'double' to 'float'
C:\Users\Akeina\Desktop\New folder\NEW GL CODE - Copy\CSC3223\CSC3223Coursework1\Coursework1.cpp(514,27): warning C4305: 'argument': truncation from 'double' to 'float'
C:\Users\Akeina\Desktop\New folder\NEW GL CODE - Copy\CSC3223\CSC3223Coursework1\Coursework1.cpp(515,27): warning C4305: 'argument': truncation from 'double' to 'float'
C:\Users\Akeina\Desktop\New folder\NEW GL CODE - Copy\CSC3223\CSC3223Coursework1\Coursework1.cpp(516,27): warning C4305: 'argument': truncation from 'double' to 'float'
C:\Users\Akeina\Desktop\New folder\NEW GL CODE - Copy\CSC3223\CSC3223Coursework1\Coursework1.cpp(517,27): warning C4305: 'argument': truncation from 'double' to 'float'
C:\Users\Akeina\Desktop\New folder\NEW GL CODE - Copy\CSC3223\CSC3223Coursework1\Coursework1.cpp(518,27): warning C4305: 'argument': truncation from 'double' to 'float'
C:\Users\Akeina\Desktop\New folder\NEW GL CODE - Copy\CSC3223\CSC3223Coursework1\Coursework1.cpp(520,27): warning C4305: 'argument': truncation from 'double' to 'float'
C:\Users\Akeina\Desktop\New folder\NEW GL CODE - Copy\CSC3223\CSC3223Coursework1\Coursework1.cpp(521,27): warning C4305: 'argument': truncation from 'double' to 'float'
C:\Users\Akeina\Desktop\New folder\NEW GL CODE - Copy\CSC3223\CSC3223Coursework1\Coursework1.cpp(522,27): warning C4305: 'argument': truncation from 'double' to 'float'
C:\Users\Akeina\Desktop\New folder\NEW GL CODE - Copy\CSC3223\CSC3223Coursework1\Coursework1.cpp(523,27): warning C4305: 'argument': truncation from 'double' to 'float'
C:\Users\Akeina\Desktop\New folder\NEW GL CODE - Copy\CSC3223\CSC3223Coursework1\Coursework1.cpp(524,27): warning C4305: 'argument': truncation from 'double' to 'float'
C:\Users\Akeina\Desktop\New folder\NEW GL CODE - Copy\CSC3223\CSC3223Coursework1\Coursework1.cpp(526,27): warning C4305: 'argument': truncation from 'double' to 'float'
C:\Users\Akeina\Desktop\New folder\NEW GL CODE - Copy\CSC3223\CSC3223Coursework1\Coursework1.cpp(527,27): warning C4305: 'argument': truncation from 'double' to 'float'
C:\Users\Akeina\Desktop\New folder\NEW GL CODE - Copy\CSC3223\CSC3223Coursework1\Coursework1.cpp(528,27): warning C4305: 'argument': truncation from 'double' to 'float'
C:\Users\Akeina\Desktop\New folder\NEW GL CODE - Copy\CSC3223\CSC3223Coursework1\Coursework1.cpp(529,27): warning C4305: 'argument': truncation from 'double' to 'float'
C:\Users\Akeina\Desktop\New folder\NEW GL CODE - Copy\CSC3223\CSC3223Coursework1\Coursework1.cpp(530,27): warning C4305: 'argument': truncation from 'double' to 'float'
C:\Users\Akeina\Desktop\New folder\NEW GL CODE - Copy\CSC3223\CSC3223Coursework1\Coursework1.cpp(532,27): warning C4305: 'argument': truncation from 'double' to 'float'
C:\Users\Akeina\Desktop\New folder\NEW GL CODE - Copy\CSC3223\CSC3223Coursework1\Coursework1.cpp(533,27): warning C4305: 'argument': truncation from 'double' to 'float'
C:\Users\Akeina\Desktop\New folder\NEW GL CODE - Copy\CSC3223\CSC3223Coursework1\Coursework1.cpp(534,27): warning C4305: 'argument': truncation from 'double' to 'float'
C:\Users\Akeina\Desktop\New folder\NEW GL CODE - Copy\CSC3223\CSC3223Coursework1\Coursework1.cpp(535,27): warning C4305: 'argument': truncation from 'double' to 'float'
C:\Users\Akeina\Desktop\New folder\NEW GL CODE - Copy\CSC3223\CSC3223Coursework1\Coursework1.cpp(536,27): warning C4305: 'argument': truncation from 'double' to 'float'
C:\Users\Akeina\Desktop\New folder\NEW GL CODE - Copy\CSC3223\CSC3223Coursework1\Coursework1.cpp(537,27): warning C4305: 'argument': truncation from 'double' to 'float'
C:\Users\Akeina\Desktop\New folder\NEW GL CODE - Copy\CSC3223\CSC3223Coursework1\Coursework1.cpp(551,54): warning C4305: 'argument': truncation from 'double' to 'float'
C:\Users\Akeina\Desktop\New folder\NEW GL CODE - Copy\CSC3223\CSC3223Coursework1\Coursework1.cpp(563,54): warning C4305: 'argument': truncation from 'double' to 'float'
C:\Users\Akeina\Desktop\New folder\NEW GL CODE - Copy\CSC3223\CSC3223Coursework1\Coursework1.cpp(563,79): warning C4305: 'argument': truncation from 'double' to 'float'
C:\Users\Akeina\Desktop\New folder\NEW GL CODE - Copy\CSC3223\CSC3223Coursework1\Coursework1.cpp(563,105): warning C4305: 'argument': truncation from 'double' to 'float'
C:\Users\Akeina\Desktop\New folder\NEW GL CODE - Copy\CSC3223\CSC3223Coursework1\Coursework1.cpp(563,131): warning C4305: 'argument': truncation from 'double' to 'float'
C:\Users\Akeina\Desktop\New folder\NEW GL CODE - Copy\CSC3223\CSC3223Coursework1\Coursework1.cpp(564,27): warning C4305: 'argument': truncation from 'double' to 'float'
C:\Users\Akeina\Desktop\New folder\NEW GL CODE - Copy\CSC3223\CSC3223Coursework1\Coursework1.cpp(564,54): warning C4305: 'argument': truncation from 'double' to 'float'
C:\Users\Akeina\Desktop\New folder\NEW GL CODE - Copy\CSC3223\CSC3223Coursework1\Coursework1.cpp(564,81): warning C4305: 'argument': truncation from 'double' to 'float'
C:\Users\Akeina\Desktop\New folder\NEW GL CODE - Copy\CSC3223\CSC3223Coursework1\Coursework1.cpp(565,52): warning C4305: 'argument': truncation from 'double' to 'float'
C:\Users\Akeina\Desktop\New folder\NEW GL CODE - Copy\CSC3223\CSC3223Coursework1\Coursework1.cpp(565,69): warning C4305: 'argument': truncation from 'double' to 'float'
C:\Users\Akeina\Desktop\New folder\NEW GL CODE - Copy\CSC3223\CSC3223Coursework1\Coursework1.cpp(565,99): warning C4305: 'argument': truncation from 'double' to 'float'
C:\Users\Akeina\Desktop\New folder\NEW GL CODE - Copy\CSC3223\CSC3223Coursework1\Coursework1.cpp(565,116): warning C4305: 'argument': truncation from 'double' to 'float'
C:\Users\Akeina\Desktop\New folder\NEW GL CODE - Copy\CSC3223\CSC3223Coursework1\Coursework1.cpp(565,133): warning C4305: 'argument': truncation from 'double' to 'float'
C:\Users\Akeina\Desktop\New folder\NEW GL CODE - Copy\CSC3223\CSC3223Coursework1\Coursework1.cpp(565,150): warning C4305: 'argument': truncation from 'double' to 'float'
C:\Users\Akeina\Desktop\New folder\NEW GL CODE - Copy\CSC3223\CSC3223Coursework1\Coursework1.cpp(571,64): warning C4305: 'argument': truncation from 'double' to 'float'
C:\Users\Akeina\Desktop\New folder\NEW GL CODE - Copy\CSC3223\CSC3223Coursework1\Coursework1.cpp(620,22): warning C4305: 'argument': truncation from 'double' to 'float'
C:\Users\Akeina\Desktop\New folder\NEW GL CODE - Copy\CSC3223\CSC3223Coursework1\Coursework1.cpp(620,43): warning C4305: 'argument': truncation from 'double' to 'float'
C:\Users\Akeina\Desktop\New folder\NEW GL CODE - Copy\CSC3223\CSC3223Coursework1\Coursework1.cpp(620,64): warning C4305: 'argument': truncation from 'double' to 'float'
C:\Users\Akeina\Desktop\New folder\NEW GL CODE - Copy\CSC3223\CSC3223Coursework1\Coursework1.cpp(621,22): warning C4305: 'argument': truncation from 'double' to 'float'
C:\Users\Akeina\Desktop\New folder\NEW GL CODE - Copy\CSC3223\CSC3223Coursework1\Coursework1.cpp(621,43): warning C4305: 'argument': truncation from 'double' to 'float'
C:\Users\Akeina\Desktop\New folder\NEW GL CODE - Copy\CSC3223\CSC3223Coursework1\Coursework1.cpp(621,64): warning C4305: 'argument': truncation from 'double' to 'float'
C:\Users\Akeina\Desktop\New folder\NEW GL CODE - Copy\CSC3223\CSC3223Coursework1\Coursework1.cpp(622,22): warning C4305: 'argument': truncation from 'double' to 'float'
C:\Users\Akeina\Desktop\New folder\NEW GL CODE - Copy\CSC3223\CSC3223Coursework1\Coursework1.cpp(622,43): warning C4305: 'argument': truncation from 'double' to 'float'
C:\Users\Akeina\Desktop\New folder\NEW GL CODE - Copy\CSC3223\CSC3223Coursework1\Coursework1.cpp(622,64): warning C4305: 'argument': truncation from 'double' to 'float'
C:\Users\Akeina\Desktop\New folder\NEW GL CODE - Copy\CSC3223\CSC3223Coursework1\Coursework1.cpp(623,22): warning C4305: 'argument': truncation from 'double' to 'float'
C:\Users\Akeina\Desktop\New folder\NEW GL CODE - Copy\CSC3223\CSC3223Coursework1\Coursework1.cpp(623,43): warning C4305: 'argument': truncation from 'double' to 'float'
C:\Users\Akeina\Desktop\New folder\NEW GL CODE - Copy\CSC3223\CSC3223Coursework1\Coursework1.cpp(623,64): warning C4305: 'argument': truncation from 'double' to 'float'
C:\Users\Akeina\Desktop\New folder\NEW GL CODE - Copy\CSC3223\CSC3223Coursework1\Coursework1.cpp(624,22): warning C4305: 'argument': truncation from 'double' to 'float'
C:\Users\Akeina\Desktop\New folder\NEW GL CODE - Copy\CSC3223\CSC3223Coursework1\Coursework1.cpp(624,43): warning C4305: 'argument': truncation from 'double' to 'float'
C:\Users\Akeina\Desktop\New folder\NEW GL CODE - Copy\CSC3223\CSC3223Coursework1\Coursework1.cpp(624,64): warning C4305: 'argument': truncation from 'double' to 'float'
C:\Users\Akeina\Desktop\New folder\NEW GL CODE - Copy\CSC3223\CSC3223Coursework1\Coursework1.cpp(625,22): warning C4305: 'argument': truncation from 'double' to 'float'
C:\Users\Akeina\Desktop\New folder\NEW GL CODE - Copy\CSC3223\CSC3223Coursework1\Coursework1.cpp(625,43): warning C4305: 'argument': truncation from 'double' to 'float'
C:\Users\Akeina\Desktop\New folder\NEW GL CODE - Copy\CSC3223\CSC3223Coursework1\Coursework1.cpp(625,64): warning C4305: 'argument': truncation from 'double' to 'float'
C:\Users\Akeina\Desktop\New folder\NEW GL CODE - Copy\CSC3223\CSC3223Coursework1\Coursework1.cpp(626,22): warning C4305: 'argument': truncation from 'double' to 'float'
C:\Users\Akeina\Desktop\New folder\NEW GL CODE - Copy\CSC3223\CSC3223Coursework1\Coursework1.cpp(626,43): warning C4305: 'argument': truncation from 'double' to 'float'
C:\Users\Akeina\Desktop\New folder\NEW GL CODE - Copy\CSC3223\CSC3223Coursework1\Coursework1.cpp(626,64): warning C4305: 'argument': truncation from 'double' to 'float'
C:\Users\Akeina\Desktop\New folder\NEW GL CODE - Copy\CSC3223\CSC3223Coursework1\Coursework1.cpp(627,22): warning C4305: 'argument': truncation from 'double' to 'float'
C:\Users\Akeina\Desktop\New folder\NEW GL CODE - Copy\CSC3223\CSC3223Coursework1\Coursework1.cpp(627,43): warning C4305: 'argument': truncation from 'double' to 'float'
C:\Users\Akeina\Desktop\New folder\NEW GL CODE - Copy\CSC3223\CSC3223Coursework1\Coursework1.cpp(627,64): warning C4305: 'argument': truncation from 'double' to 'float'
C:\Users\Akeina\Desktop\New folder\NEW GL CODE - Copy\CSC3223\CSC3223Coursework1\Coursework1.cpp(628,22): warning C4305: 'argument': truncation from 'double' to 'float'
C:\Users\Akeina\Desktop\New folder\NEW GL CODE - Copy\CSC3223\CSC3223Coursework1\Coursework1.cpp(628,43): warning C4305: 'argument': truncation from 'double' to 'float'
C:\Users\Akeina\Desktop\New folder\NEW GL CODE - Copy\CSC3223\CSC3223Coursework1\Coursework1.cpp(628,64): warning C4305: 'argument': truncation from 'double' to 'float'
C:\Users\Akeina\Desktop\New folder\NEW GL CODE - Copy\CSC3223\CSC3223Coursework1\Coursework1.cpp(629,22): warning C4305: 'argument': truncation from 'double' to 'float'
C:\Users\Akeina\Desktop\New folder\NEW GL CODE - Copy\CSC3223\CSC3223Coursework1\Coursework1.cpp(629,43): warning C4305: 'argument': truncation from 'double' to 'float'
C:\Users\Akeina\Desktop\New folder\NEW GL CODE - Copy\CSC3223\CSC3223Coursework1\Coursework1.cpp(629,64): warning C4305: 'argument': truncation from 'double' to 'float'
C:\Users\Akeina\Desktop\New folder\NEW GL CODE - Copy\CSC3223\CSC3223Coursework1\Coursework1.cpp(630,22): warning C4305: 'argument': truncation from 'double' to 'float'
C:\Users\Akeina\Desktop\New folder\NEW GL CODE - Copy\CSC3223\CSC3223Coursework1\Coursework1.cpp(630,43): warning C4305: 'argument': truncation from 'double' to 'float'
C:\Users\Akeina\Desktop\New folder\NEW GL CODE - Copy\CSC3223\CSC3223Coursework1\Coursework1.cpp(630,64): warning C4305: 'argument': truncation from 'double' to 'float'
C:\Users\Akeina\Desktop\New folder\NEW GL CODE - Copy\CSC3223\CSC3223Coursework1\Coursework1.cpp(631,22): warning C4305: 'argument': truncation from 'double' to 'float'
C:\Users\Akeina\Desktop\New folder\NEW GL CODE - Copy\CSC3223\CSC3223Coursework1\Coursework1.cpp(631,43): warning C4305: 'argument': truncation from 'double' to 'float'
C:\Users\Akeina\Desktop\New folder\NEW GL CODE - Copy\CSC3223\CSC3223Coursework1\Coursework1.cpp(631,64): warning C4305: 'argument': truncation from 'double' to 'float'
C:\Users\Akeina\Desktop\New folder\NEW GL CODE - Copy\CSC3223\CSC3223Coursework1\Coursework1.cpp(633,22): warning C4305: 'argument': truncation from 'double' to 'float'
C:\Users\Akeina\Desktop\New folder\NEW GL CODE - Copy\CSC3223\CSC3223Coursework1\Coursework1.cpp(633,43): warning C4305: 'argument': truncation from 'double' to 'float'
C:\Users\Akeina\Desktop\New folder\NEW GL CODE - Copy\CSC3223\CSC3223Coursework1\Coursework1.cpp(633,64): warning C4305: 'argument': truncation from 'double' to 'float'
C:\Users\Akeina\Desktop\New folder\NEW GL CODE - Copy\CSC3223\CSC3223Coursework1\Coursework1.cpp(634,22): warning C4305: 'argument': truncation from 'double' to 'float'
C:\Users\Akeina\Desktop\New folder\NEW GL CODE - Copy\CSC3223\CSC3223Coursework1\Coursework1.cpp(634,43): warning C4305: 'argument': truncation from 'double' to 'float'
C:\Users\Akeina\Desktop\New folder\NEW GL CODE - Copy\CSC3223\CSC3223Coursework1\Coursework1.cpp(634,64): warning C4305: 'argument': truncation from 'double' to 'float'
C:\Users\Akeina\Desktop\New folder\NEW GL CODE - Copy\CSC3223\CSC3223Coursework1\Coursework1.cpp(635,22): warning C4305: 'argument': truncation from 'double' to 'float'
C:\Users\Akeina\Desktop\New folder\NEW GL CODE - Copy\CSC3223\CSC3223Coursework1\Coursework1.cpp(635,43): warning C4305: 'argument': truncation from 'double' to 'float'
C:\Users\Akeina\Desktop\New folder\NEW GL CODE - Copy\CSC3223\CSC3223Coursework1\Coursework1.cpp(635,64): warning C4305: 'argument': truncation from 'double' to 'float'
C:\Users\Akeina\Desktop\New folder\NEW GL CODE - Copy\CSC3223\CSC3223Coursework1\Coursework1.cpp(636,22): warning C4305: 'argument': truncation from 'double' to 'float'
C:\Users\Akeina\Desktop\New folder\NEW GL CODE - Copy\CSC3223\CSC3223Coursework1\Coursework1.cpp(636,43): warning C4305: 'argument': truncation from 'double' to 'float'
C:\Users\Akeina\Desktop\New folder\NEW GL CODE - Copy\CSC3223\CSC3223Coursework1\Coursework1.cpp(636,64): warning C4305: 'argument': truncation from 'double' to 'float'
C:\Users\Akeina\Desktop\New folder\NEW GL CODE - Copy\CSC3223\CSC3223Coursework1\Coursework1.cpp(637,22): warning C4305: 'argument': truncation from 'double' to 'float'
C:\Users\Akeina\Desktop\New folder\NEW GL CODE - Copy\CSC3223\CSC3223Coursework1\Coursework1.cpp(637,43): warning C4305: 'argument': truncation from 'double' to 'float'
C:\Users\Akeina\Desktop\New folder\NEW GL CODE - Copy\CSC3223\CSC3223Coursework1\Coursework1.cpp(637,64): warning C4305: 'argument': truncation from 'double' to 'float'
C:\Users\Akeina\Desktop\New folder\NEW GL CODE - Copy\CSC3223\CSC3223Coursework1\Coursework1.cpp(638,22): warning C4305: 'argument': truncation from 'double' to 'float'
C:\Users\Akeina\Desktop\New folder\NEW GL CODE - Copy\CSC3223\CSC3223Coursework1\Coursework1.cpp(638,43): warning C4305: 'argument': truncation from 'double' to 'float'
C:\Users\Akeina\Desktop\New folder\NEW GL CODE - Copy\CSC3223\CSC3223Coursework1\Coursework1.cpp(638,64): warning C4305: 'argument': truncation from 'double' to 'float'
C:\Users\Akeina\Desktop\New folder\NEW GL CODE - Copy\CSC3223\CSC3223Coursework1\Coursework1.cpp(639,22): warning C4305: 'argument': truncation from 'double' to 'float'
C:\Users\Akeina\Desktop\New folder\NEW GL CODE - Copy\CSC3223\CSC3223Coursework1\Coursework1.cpp(639,43): warning C4305: 'argument': truncation from 'double' to 'float'
C:\Users\Akeina\Desktop\New folder\NEW GL CODE - Copy\CSC3223\CSC3223Coursework1\Coursework1.cpp(639,64): warning C4305: 'argument': truncation from 'double' to 'float'
C:\Users\Akeina\Desktop\New folder\NEW GL CODE - Copy\CSC3223\CSC3223Coursework1\Coursework1.cpp(640,22): warning C4305: 'argument': truncation from 'double' to 'float'
C:\Users\Akeina\Desktop\New folder\NEW GL CODE - Copy\CSC3223\CSC3223Coursework1\Coursework1.cpp(640,43): warning C4305: 'argument': truncation from 'double' to 'float'
C:\Users\Akeina\Desktop\New folder\NEW GL CODE - Copy\CSC3223\CSC3223Coursework1\Coursework1.cpp(640,64): warning C4305: 'argument': truncation from 'double' to 'float'
C:\Users\Akeina\Desktop\New folder\NEW GL CODE - Copy\CSC3223\CSC3223Coursework1\Coursework1.cpp(641,22): warning C4305: 'argument': truncation from 'double' to 'float'
C:\Users\Akeina\Desktop\New folder\NEW GL CODE - Copy\CSC3223\CSC3223Coursework1\Coursework1.cpp(641,43): warning C4305: 'argument': truncation from 'double' to 'float'
C:\Users\Akeina\Desktop\New folder\NEW GL CODE - Copy\CSC3223\CSC3223Coursework1\Coursework1.cpp(641,64): warning C4305: 'argument': truncation from 'double' to 'float'
C:\Users\Akeina\Desktop\New folder\NEW GL CODE - Copy\CSC3223\CSC3223Coursework1\Coursework1.cpp(642,22): warning C4305: 'argument': truncation from 'double' to 'float'
C:\Users\Akeina\Desktop\New folder\NEW GL CODE - Copy\CSC3223\CSC3223Coursework1\Coursework1.cpp(642,43): warning C4305: 'argument': truncation from 'double' to 'float'
C:\Users\Akeina\Desktop\New folder\NEW GL CODE - Copy\CSC3223\CSC3223Coursework1\Coursework1.cpp(642,64): warning C4305: 'argument': truncation from 'double' to 'float'
C:\Users\Akeina\Desktop\New folder\NEW GL CODE - Copy\CSC3223\CSC3223Coursework1\Coursework1.cpp(643,22): warning C4305: 'argument': truncation from 'double' to 'float'
C:\Users\Akeina\Desktop\New folder\NEW GL CODE - Copy\CSC3223\CSC3223Coursework1\Coursework1.cpp(643,43): warning C4305: 'argument': truncation from 'double' to 'float'
C:\Users\Akeina\Desktop\New folder\NEW GL CODE - Copy\CSC3223\CSC3223Coursework1\Coursework1.cpp(643,64): warning C4305: 'argument': truncation from 'double' to 'float'
C:\Users\Akeina\Desktop\New folder\NEW GL CODE - Copy\CSC3223\CSC3223Coursework1\Coursework1.cpp(644,22): warning C4305: 'argument': truncation from 'double' to 'float'
C:\Users\Akeina\Desktop\New folder\NEW GL CODE - Copy\CSC3223\CSC3223Coursework1\Coursework1.cpp(644,43): warning C4305: 'argument': truncation from 'double' to 'float'
C:\Users\Akeina\Desktop\New folder\NEW GL CODE - Copy\CSC3223\CSC3223Coursework1\Coursework1.cpp(644,64): warning C4305: 'argument': truncation from 'double' to 'float'
C:\Users\Akeina\Desktop\New folder\NEW GL CODE - Copy\CSC3223\CSC3223Coursework1\Coursework1.cpp(678,25): warning C4305: 'argument': truncation from 'double' to 'float'
C:\Users\Akeina\Desktop\New folder\NEW GL CODE - Copy\CSC3223\CSC3223Coursework1\Coursework1.cpp(678,48): warning C4305: 'argument': truncation from 'double' to 'float'
C:\Users\Akeina\Desktop\New folder\NEW GL CODE - Copy\CSC3223\CSC3223Coursework1\Coursework1.cpp(678,71): warning C4305: 'argument': truncation from 'double' to 'float'
C:\Users\Akeina\Desktop\New folder\NEW GL CODE - Copy\CSC3223\CSC3223Coursework1\Coursework1.cpp(679,25): warning C4305: 'argument': truncation from 'double' to 'float'
C:\Users\Akeina\Desktop\New folder\NEW GL CODE - Copy\CSC3223\CSC3223Coursework1\Coursework1.cpp(679,48): warning C4305: 'argument': truncation from 'double' to 'float'
C:\Users\Akeina\Desktop\New folder\NEW GL CODE - Copy\CSC3223\CSC3223Coursework1\Coursework1.cpp(679,71): warning C4305: 'argument': truncation from 'double' to 'float'
C:\Users\Akeina\Desktop\New folder\NEW GL CODE - Copy\CSC3223\CSC3223Coursework1\Coursework1.cpp(680,25): warning C4305: 'argument': truncation from 'double' to 'float'
C:\Users\Akeina\Desktop\New folder\NEW GL CODE - Copy\CSC3223\CSC3223Coursework1\Coursework1.cpp(680,48): warning C4305: 'argument': truncation from 'double' to 'float'
C:\Users\Akeina\Desktop\New folder\NEW GL CODE - Copy\CSC3223\CSC3223Coursework1\Coursework1.cpp(680,71): warning C4305: 'argument': truncation from 'double' to 'float'
C:\Users\Akeina\Desktop\New folder\NEW GL CODE - Copy\CSC3223\CSC3223Coursework1\Coursework1.cpp(681,25): warning C4305: 'argument': truncation from 'double' to 'float'
C:\Users\Akeina\Desktop\New folder\NEW GL CODE - Copy\CSC3223\CSC3223Coursework1\Coursework1.cpp(681,48): warning C4305: 'argument': truncation from 'double' to 'float'
C:\Users\Akeina\Desktop\New folder\NEW GL CODE - Copy\CSC3223\CSC3223Coursework1\Coursework1.cpp(681,71): warning C4305: 'argument': truncation from 'double' to 'float'
C:\Users\Akeina\Desktop\New folder\NEW GL CODE - Copy\CSC3223\CSC3223Coursework1\Coursework1.cpp(682,25): warning C4305: 'argument': truncation from 'double' to 'float'
C:\Users\Akeina\Desktop\New folder\NEW GL CODE - Copy\CSC3223\CSC3223Coursework1\Coursework1.cpp(682,48): warning C4305: 'argument': truncation from 'double' to 'float'
C:\Users\Akeina\Desktop\New folder\NEW GL CODE - Copy\CSC3223\CSC3223Coursework1\Coursework1.cpp(682,71): warning C4305: 'argument': truncation from 'double' to 'float'
C:\Users\Akeina\Desktop\New folder\NEW GL CODE - Copy\CSC3223\CSC3223Coursework1\Coursework1.cpp(683,25): warning C4305: 'argument': truncation from 'double' to 'float'
C:\Users\Akeina\Desktop\New folder\NEW GL CODE - Copy\CSC3223\CSC3223Coursework1\Coursework1.cpp(683,48): warning C4305: 'argument': truncation from 'double' to 'float'
C:\Users\Akeina\Desktop\New folder\NEW GL CODE - Copy\CSC3223\CSC3223Coursework1\Coursework1.cpp(683,71): warning C4305: 'argument': truncation from 'double' to 'float'
C:\Users\Akeina\Desktop\New folder\NEW GL CODE - Copy\CSC3223\CSC3223Coursework1\Coursework1.cpp(684,25): warning C4305: 'argument': truncation from 'double' to 'float'
C:\Users\Akeina\Desktop\New folder\NEW GL CODE - Copy\CSC3223\CSC3223Coursework1\Coursework1.cpp(684,48): warning C4305: 'argument': truncation from 'double' to 'float'
C:\Users\Akeina\Desktop\New folder\NEW GL CODE - Copy\CSC3223\CSC3223Coursework1\Coursework1.cpp(684,71): warning C4305: 'argument': truncation from 'double' to 'float'
C:\Users\Akeina\Desktop\New folder\NEW GL CODE - Copy\CSC3223\CSC3223Coursework1\Coursework1.cpp(685,25): warning C4305: 'argument': truncation from 'double' to 'float'
C:\Users\Akeina\Desktop\New folder\NEW GL CODE - Copy\CSC3223\CSC3223Coursework1\Coursework1.cpp(685,48): warning C4305: 'argument': truncation from 'double' to 'float'
C:\Users\Akeina\Desktop\New folder\NEW GL CODE - Copy\CSC3223\CSC3223Coursework1\Coursework1.cpp(685,71): warning C4305: 'argument': truncation from 'double' to 'float'
C:\Users\Akeina\Desktop\New folder\NEW GL CODE - Copy\CSC3223\CSC3223Coursework1\Coursework1.cpp(686,25): warning C4305: 'argument': truncation from 'double' to 'float'
C:\Users\Akeina\Desktop\New folder\NEW GL CODE - Copy\CSC3223\CSC3223Coursework1\Coursework1.cpp(686,48): warning C4305: 'argument': truncation from 'double' to 'float'
C:\Users\Akeina\Desktop\New folder\NEW GL CODE - Copy\CSC3223\CSC3223Coursework1\Coursework1.cpp(686,71): warning C4305: 'argument': truncation from 'double' to 'float'
C:\Users\Akeina\Desktop\New folder\NEW GL CODE - Copy\CSC3223\CSC3223Coursework1\Coursework1.cpp(687,25): warning C4305: 'argument': truncation from 'double' to 'float'
C:\Users\Akeina\Desktop\New folder\NEW GL CODE - Copy\CSC3223\CSC3223Coursework1\Coursework1.cpp(687,48): warning C4305: 'argument': truncation from 'double' to 'float'
C:\Users\Akeina\Desktop\New folder\NEW GL CODE - Copy\CSC3223\CSC3223Coursework1\Coursework1.cpp(687,71): warning C4305: 'argument': truncation from 'double' to 'float'
C:\Users\Akeina\Desktop\New folder\NEW GL CODE - Copy\CSC3223\CSC3223Coursework1\Coursework1.cpp(688,25): warning C4305: 'argument': truncation from 'double' to 'float'
C:\Users\Akeina\Desktop\New folder\NEW GL CODE - Copy\CSC3223\CSC3223Coursework1\Coursework1.cpp(688,48): warning C4305: 'argument': truncation from 'double' to 'float'
C:\Users\Akeina\Desktop\New folder\NEW GL CODE - Copy\CSC3223\CSC3223Coursework1\Coursework1.cpp(688,71): warning C4305: 'argument': truncation from 'double' to 'float'
C:\Users\Akeina\Desktop\New folder\NEW GL CODE - Copy\CSC3223\CSC3223Coursework1\Coursework1.cpp(689,25): warning C4305: 'argument': truncation from 'double' to 'float'
C:\Users\Akeina\Desktop\New folder\NEW GL CODE - Copy\CSC3223\CSC3223Coursework1\Coursework1.cpp(689,48): warning C4305: 'argument': truncation from 'double' to 'float'
C:\Users\Akeina\Desktop\New folder\NEW GL CODE - Copy\CSC3223\CSC3223Coursework1\Coursework1.cpp(689,71): warning C4305: 'argument': truncation from 'double' to 'float'
C:\Users\Akeina\Desktop\New folder\NEW GL CODE - Copy\CSC3223\CSC3223Coursework1\Coursework1.cpp(691,25): warning C4305: 'argument': truncation from 'double' to 'float'
C:\Users\Akeina\Desktop\New folder\NEW GL CODE - Copy\CSC3223\CSC3223Coursework1\Coursework1.cpp(691,48): warning C4305: 'argument': truncation from 'double' to 'float'
C:\Users\Akeina\Desktop\New folder\NEW GL CODE - Copy\CSC3223\CSC3223Coursework1\Coursework1.cpp(691,71): warning C4305: 'argument': truncation from 'double' to 'float'
C:\Users\Akeina\Desktop\New folder\NEW GL CODE - Copy\CSC3223\CSC3223Coursework1\Coursework1.cpp(692,25): warning C4305: 'argument': truncation from 'double' to 'float'
C:\Users\Akeina\Desktop\New folder\NEW GL CODE - Copy\CSC3223\CSC3223Coursework1\Coursework1.cpp(692,48): warning C4305: 'argument': truncation from 'double' to 'float'
C:\Users\Akeina\Desktop\New folder\NEW GL CODE - Copy\CSC3223\CSC3223Coursework1\Coursework1.cpp(692,71): warning C4305: 'argument': truncation from 'double' to 'float'
C:\Users\Akeina\Desktop\New folder\NEW GL CODE - Copy\CSC3223\CSC3223Coursework1\Coursework1.cpp(693,25): warning C4305: 'argument': truncation from 'double' to 'float'
C:\Users\Akeina\Desktop\New folder\NEW GL CODE - Copy\CSC3223\CSC3223Coursework1\Coursework1.cpp(693,48): warning C4305: 'argument': truncation from 'double' to 'float'
C:\Users\Akeina\Desktop\New folder\NEW GL CODE - Copy\CSC3223\CSC3223Coursework1\Coursework1.cpp(693,71): warning C4305: 'argument': truncation from 'double' to 'float'
C:\Users\Akeina\Desktop\New folder\NEW GL CODE - Copy\CSC3223\CSC3223Coursework1\Coursework1.cpp(694,25): warning C4305: 'argument': truncation from 'double' to 'float'
C:\Users\Akeina\Desktop\New folder\NEW GL CODE - Copy\CSC3223\CSC3223Coursework1\Coursework1.cpp(694,48): warning C4305: 'argument': truncation from 'double' to 'float'
C:\Users\Akeina\Desktop\New folder\NEW GL CODE - Copy\CSC3223\CSC3223Coursework1\Coursework1.cpp(694,71): warning C4305: 'argument': truncation from 'double' to 'float'
C:\Users\Akeina\Desktop\New folder\NEW GL CODE - Copy\CSC3223\CSC3223Coursework1\Coursework1.cpp(695,25): warning C4305: 'argument': truncation from 'double' to 'float'
C:\Users\Akeina\Desktop\New folder\NEW GL CODE - Copy\CSC3223\CSC3223Coursework1\Coursework1.cpp(695,48): warning C4305: 'argument': truncation from 'double' to 'float'
C:\Users\Akeina\Desktop\New folder\NEW GL CODE - Copy\CSC3223\CSC3223Coursework1\Coursework1.cpp(695,71): warning C4305: 'argument': truncation from 'double' to 'float'
C:\Users\Akeina\Desktop\New folder\NEW GL CODE - Copy\CSC3223\CSC3223Coursework1\Coursework1.cpp(696,25): warning C4305: 'argument': truncation from 'double' to 'float'
C:\Users\Akeina\Desktop\New folder\NEW GL CODE - Copy\CSC3223\CSC3223Coursework1\Coursework1.cpp(696,48): warning C4305: 'argument': truncation from 'double' to 'float'
C:\Users\Akeina\Desktop\New folder\NEW GL CODE - Copy\CSC3223\CSC3223Coursework1\Coursework1.cpp(696,71): warning C4305: 'argument': truncation from 'double' to 'float'
C:\Users\Akeina\Desktop\New folder\NEW GL CODE - Copy\CSC3223\CSC3223Coursework1\Coursework1.cpp(697,25): warning C4305: 'argument': truncation from 'double' to 'float'
C:\Users\Akeina\Desktop\New folder\NEW GL CODE - Copy\CSC3223\CSC3223Coursework1\Coursework1.cpp(697,48): warning C4305: 'argument': truncation from 'double' to 'float'
C:\Users\Akeina\Desktop\New folder\NEW GL CODE - Copy\CSC3223\CSC3223Coursework1\Coursework1.cpp(697,71): warning C4305: 'argument': truncation from 'double' to 'float'
C:\Users\Akeina\Desktop\New folder\NEW GL CODE - Copy\CSC3223\CSC3223Coursework1\Coursework1.cpp(698,25): warning C4305: 'argument': truncation from 'double' to 'float'
C:\Users\Akeina\Desktop\New folder\NEW GL CODE - Copy\CSC3223\CSC3223Coursework1\Coursework1.cpp(698,48): warning C4305: 'argument': truncation from 'double' to 'float'
C:\Users\Akeina\Desktop\New folder\NEW GL CODE - Copy\CSC3223\CSC3223Coursework1\Coursework1.cpp(698,71): warning C4305: 'argument': truncation from 'double' to 'float'
C:\Users\Akeina\Desktop\New folder\NEW GL CODE - Copy\CSC3223\CSC3223Coursework1\Coursework1.cpp(699,25): warning C4305: 'argument': truncation from 'double' to 'float'
C:\Users\Akeina\Desktop\New folder\NEW GL CODE - Copy\CSC3223\CSC3223Coursework1\Coursework1.cpp(699,48): warning C4305: 'argument': truncation from 'double' to 'float'
C:\Users\Akeina\Desktop\New folder\NEW GL CODE - Copy\CSC3223\CSC3223Coursework1\Coursework1.cpp(699,71): warning C4305: 'argument': truncation from 'double' to 'float'
C:\Users\Akeina\Desktop\New folder\NEW GL CODE - Copy\CSC3223\CSC3223Coursework1\Coursework1.cpp(700,25): warning C4305: 'argument': truncation from 'double' to 'float'
C:\Users\Akeina\Desktop\New folder\NEW GL CODE - Copy\CSC3223\CSC3223Coursework1\Coursework1.cpp(700,48): warning C4305: 'argument': truncation from 'double' to 'float'
C:\Users\Akeina\Desktop\New folder\NEW GL CODE - Copy\CSC3223\CSC3223Coursework1\Coursework1.cpp(700,71): warning C4305: 'argument': truncation from 'double' to 'float'
C:\Users\Akeina\Desktop\New folder\NEW GL CODE - Copy\CSC3223\CSC3223Coursework1\Coursework1.cpp(728,24): warning C4305: 'argument': truncation from 'double' to 'float'
C:\Users\Akeina\Desktop\New folder\NEW GL CODE - Copy\CSC3223\CSC3223Coursework1\Coursework1.cpp(728,44): warning C4305: 'argument': truncation from 'double' to 'float'
C:\Users\Akeina\Desktop\New folder\NEW GL CODE - Copy\CSC3223\CSC3223Coursework1\Coursework1.cpp(728,64): warning C4305: 'argument': truncation from 'double' to 'float'
C:\Users\Akeina\Desktop\New folder\NEW GL CODE - Copy\CSC3223\CSC3223Coursework1\Coursework1.cpp(728,84): warning C4305: 'argument': truncation from 'double' to 'float'
C:\Users\Akeina\Desktop\New folder\NEW GL CODE - Copy\CSC3223\CSC3223Coursework1\Coursework1.cpp(728,104): warning C4305: 'argument': truncation from 'double' to 'float'
C:\Users\Akeina\Desktop\New folder\NEW GL CODE - Copy\CSC3223\CSC3223Coursework1\Coursework1.cpp(728,124): warning C4305: 'argument': truncation from 'double' to 'float'
C:\Users\Akeina\Desktop\New folder\NEW GL CODE - Copy\CSC3223\CSC3223Coursework1\Coursework1.cpp(729,22): warning C4305: 'argument': truncation from 'double' to 'float'
C:\Users\Akeina\Desktop\New folder\NEW GL CODE - Copy\CSC3223\CSC3223Coursework1\Coursework1.cpp(729,43): warning C4305: 'argument': truncation from 'double' to 'float'
C:\Users\Akeina\Desktop\New folder\NEW GL CODE - Copy\CSC3223\CSC3223Coursework1\Coursework1.cpp(729,64): warning C4305: 'argument': truncation from 'double' to 'float'
C:\Users\Akeina\Desktop\New folder\NEW GL CODE - Copy\CSC3223\CSC3223Coursework1\Coursework1.cpp(729,85): warning C4305: 'argument': truncation from 'double' to 'float'
C:\Users\Akeina\Desktop\New folder\NEW GL CODE - Copy\CSC3223\CSC3223Coursework1\Coursework1.cpp(729,106): warning C4305: 'argument': truncation from 'double' to 'float'
C:\Users\Akeina\Desktop\New folder\NEW GL CODE - Copy\CSC3223\CSC3223Coursework1\Coursework1.cpp(729,127): warning C4305: 'argument': truncation from 'double' to 'float'
C:\Users\Akeina\Desktop\New folder\NEW GL CODE - Copy\CSC3223\CSC3223Coursework1\Coursework1.cpp(730,22): warning C4305: 'argument': truncation from 'double' to 'float'
C:\Users\Akeina\Desktop\New folder\NEW GL CODE - Copy\CSC3223\CSC3223Coursework1\Coursework1.cpp(730,43): warning C4305: 'argument': truncation from 'double' to 'float'
C:\Users\Akeina\Desktop\New folder\NEW GL CODE - Copy\CSC3223\CSC3223Coursework1\Coursework1.cpp(730,64): warning C4305: 'argument': truncation from 'double' to 'float'
C:\Users\Akeina\Desktop\New folder\NEW GL CODE - Copy\CSC3223\CSC3223Coursework1\Coursework1.cpp(730,85): warning C4305: 'argument': truncation from 'double' to 'float'
C:\Users\Akeina\Desktop\New folder\NEW GL CODE - Copy\CSC3223\CSC3223Coursework1\Coursework1.cpp(730,106): warning C4305: 'argument': truncation from 'double' to 'float'
C:\Users\Akeina\Desktop\New folder\NEW GL CODE - Copy\CSC3223\CSC3223Coursework1\Coursework1.cpp(730,127): warning C4305: 'argument': truncation from 'double' to 'float'
C:\Users\Akeina\Desktop\New folder\NEW GL CODE - Copy\CSC3223\CSC3223Coursework1\Coursework1.cpp(731,22): warning C4305: 'argument': truncation from 'double' to 'float'
C:\Users\Akeina\Desktop\New folder\NEW GL CODE - Copy\CSC3223\CSC3223Coursework1\Coursework1.cpp(731,43): warning C4305: 'argument': truncation from 'double' to 'float'
C:\Users\Akeina\Desktop\New folder\NEW GL CODE - Copy\CSC3223\CSC3223Coursework1\Coursework1.cpp(731,64): warning C4305: 'argument': truncation from 'double' to 'float'
C:\Users\Akeina\Desktop\New folder\NEW GL CODE - Copy\CSC3223\CSC3223Coursework1\Coursework1.cpp(731,85): warning C4305: 'argument': truncation from 'double' to 'float'
C:\Users\Akeina\Desktop\New folder\NEW GL CODE - Copy\CSC3223\CSC3223Coursework1\Coursework1.cpp(731,106): warning C4305: 'argument': truncation from 'double' to 'float'
C:\Users\Akeina\Desktop\New folder\NEW GL CODE - Copy\CSC3223\CSC3223Coursework1\Coursework1.cpp(731,127): warning C4305: 'argument': truncation from 'double' to 'float'
C:\Users\Akeina\Desktop\New folder\NEW GL CODE - Copy\CSC3223\CSC3223Coursework1\Coursework1.cpp(732,22): warning C4305: 'argument': truncation from 'double' to 'float'
C:\Users\Akeina\Desktop\New folder\NEW GL CODE - Copy\CSC3223\CSC3223Coursework1\Coursework1.cpp(732,43): warning C4305: 'argument': truncation from 'double' to 'float'
C:\Users\Akeina\Desktop\New folder\NEW GL CODE - Copy\CSC3223\CSC3223Coursework1\Coursework1.cpp(732,64): warning C4305: 'argument': truncation from 'double' to 'float'
C:\Users\Akeina\Desktop\New folder\NEW GL CODE - Copy\CSC3223\CSC3223Coursework1\Coursework1.cpp(732,85): warning C4305: 'argument': truncation from 'double' to 'float'
C:\Users\Akeina\Desktop\New folder\NEW GL CODE - Copy\CSC3223\CSC3223Coursework1\Coursework1.cpp(732,106): warning C4305: 'argument': truncation from 'double' to 'float'
C:\Users\Akeina\Desktop\New folder\NEW GL CODE - Copy\CSC3223\CSC3223Coursework1\Coursework1.cpp(732,127): warning C4305: 'argument': truncation from 'double' to 'float'
C:\Users\Akeina\Desktop\New folder\NEW GL CODE - Copy\CSC3223\CSC3223Coursework1\Coursework1.cpp(733,22): warning C4305: 'argument': truncation from 'double' to 'float'
C:\Users\Akeina\Desktop\New folder\NEW GL CODE - Copy\CSC3223\CSC3223Coursework1\Coursework1.cpp(733,43): warning C4305: 'argument': truncation from 'double' to 'float'
C:\Users\Akeina\Desktop\New folder\NEW GL CODE - Copy\CSC3223\CSC3223Coursework1\Coursework1.cpp(733,64): warning C4305: 'argument': truncation from 'double' to 'float'
C:\Users\Akeina\Desktop\New folder\NEW GL CODE - Copy\CSC3223\CSC3223Coursework1\Coursework1.cpp(733,85): warning C4305: 'argument': truncation from 'double' to 'float'
C:\Users\Akeina\Desktop\New folder\NEW GL CODE - Copy\CSC3223\CSC3223Coursework1\Coursework1.cpp(733,106): warning C4305: 'argument': truncation from 'double' to 'float'
C:\Users\Akeina\Desktop\New folder\NEW GL CODE - Copy\CSC3223\CSC3223Coursework1\Coursework1.cpp(733,127): warning C4305: 'argument': truncation from 'double' to 'float'
C:\Users\Akeina\Desktop\New folder\NEW GL CODE - Copy\CSC3223\CSC3223Coursework1\Coursework1.cpp(734,22): warning C4305: 'argument': truncation from 'double' to 'float'
C:\Users\Akeina\Desktop\New folder\NEW GL CODE - Copy\CSC3223\CSC3223Coursework1\Coursework1.cpp(734,43): warning C4305: 'argument': truncation from 'double' to 'float'
C:\Users\Akeina\Desktop\New folder\NEW GL CODE - Copy\CSC3223\CSC3223Coursework1\Coursework1.cpp(734,64): warning C4305: 'argument': truncation from 'double' to 'float'
C:\Users\Akeina\Desktop\New folder\NEW GL CODE - Copy\CSC3223\CSC3223Coursework1\Coursework1.cpp(734,85): warning C4305: 'argument': truncation from 'double' to 'float'
C:\Users\Akeina\Desktop\New folder\NEW GL CODE - Copy\CSC3223\CSC3223Coursework1\Coursework1.cpp(734,106): warning C4305: 'argument': truncation from 'double' to 'float'
C:\Users\Akeina\Desktop\New folder\NEW GL CODE - Copy\CSC3223\CSC3223Coursework1\Coursework1.cpp(734,127): warning C4305: 'argument': truncation from 'double' to 'float'
C:\Users\Akeina\Desktop\New folder\NEW GL CODE - Copy\CSC3223\CSC3223Coursework1\Coursework1.cpp(753,24): warning C4305: 'argument': truncation from 'double' to 'float'
C:\Users\Akeina\Desktop\New folder\NEW GL CODE - Copy\CSC3223\CSC3223Coursework1\Coursework1.cpp(753,44): warning C4305: 'argument': truncation from 'double' to 'float'
C:\Users\Akeina\Desktop\New folder\NEW GL CODE - Copy\CSC3223\CSC3223Coursework1\Coursework1.cpp(753,64): warning C4305: 'argument': truncation from 'double' to 'float'
C:\Users\Akeina\Desktop\New folder\NEW GL CODE - Copy\CSC3223\CSC3223Coursework1\Coursework1.cpp(753,84): warning C4305: 'argument': truncation from 'double' to 'float'
C:\Users\Akeina\Desktop\New folder\NEW GL CODE - Copy\CSC3223\CSC3223Coursework1\Coursework1.cpp(753,104): warning C4305: 'argument': truncation from 'double' to 'float'
C:\Users\Akeina\Desktop\New folder\NEW GL CODE - Copy\CSC3223\CSC3223Coursework1\Coursework1.cpp(753,124): warning C4305: 'argument': truncation from 'double' to 'float'
C:\Users\Akeina\Desktop\New folder\NEW GL CODE - Copy\CSC3223\CSC3223Coursework1\Coursework1.cpp(754,22): warning C4305: 'argument': truncation from 'double' to 'float'
C:\Users\Akeina\Desktop\New folder\NEW GL CODE - Copy\CSC3223\CSC3223Coursework1\Coursework1.cpp(754,43): warning C4305: 'argument': truncation from 'double' to 'float'
C:\Users\Akeina\Desktop\New folder\NEW GL CODE - Copy\CSC3223\CSC3223Coursework1\Coursework1.cpp(754,64): warning C4305: 'argument': truncation from 'double' to 'float'
C:\Users\Akeina\Desktop\New folder\NEW GL CODE - Copy\CSC3223\CSC3223Coursework1\Coursework1.cpp(754,85): warning C4305: 'argument': truncation from 'double' to 'float'
C:\Users\Akeina\Desktop\New folder\NEW GL CODE - Copy\CSC3223\CSC3223Coursework1\Coursework1.cpp(754,106): warning C4305: 'argument': truncation from 'double' to 'float'
C:\Users\Akeina\Desktop\New folder\NEW GL CODE - Copy\CSC3223\CSC3223Coursework1\Coursework1.cpp(754,127): warning C4305: 'argument': truncation from 'double' to 'float'
C:\Users\Akeina\Desktop\New folder\NEW GL CODE - Copy\CSC3223\CSC3223Coursework1\Coursework1.cpp(755,22): warning C4305: 'argument': truncation from 'double' to 'float'
C:\Users\Akeina\Desktop\New folder\NEW GL CODE - Copy\CSC3223\CSC3223Coursework1\Coursework1.cpp(755,43): warning C4305: 'argument': truncation from 'double' to 'float'
C:\Users\Akeina\Desktop\New folder\NEW GL CODE - Copy\CSC3223\CSC3223Coursework1\Coursework1.cpp(755,64): warning C4305: 'argument': truncation from 'double' to 'float'
C:\Users\Akeina\Desktop\New folder\NEW GL CODE - Copy\CSC3223\CSC3223Coursework1\Coursework1.cpp(755,85): warning C4305: 'argument': truncation from 'double' to 'float'
C:\Users\Akeina\Desktop\New folder\NEW GL CODE - Copy\CSC3223\CSC3223Coursework1\Coursework1.cpp(755,106): warning C4305: 'argument': truncation from 'double' to 'float'
C:\Users\Akeina\Desktop\New folder\NEW GL CODE - Copy\CSC3223\CSC3223Coursework1\Coursework1.cpp(755,127): warning C4305: 'argument': truncation from 'double' to 'float'
C:\Users\Akeina\Desktop\New folder\NEW GL CODE - Copy\CSC3223\CSC3223Coursework1\Coursework1.cpp(756,22): warning C4305: 'argument': truncation from 'double' to 'float'
C:\Users\Akeina\Desktop\New folder\NEW GL CODE - Copy\CSC3223\CSC3223Coursework1\Coursework1.cpp(756,43): warning C4305: 'argument': truncation from 'double' to 'float'
C:\Users\Akeina\Desktop\New folder\NEW GL CODE - Copy\CSC3223\CSC3223Coursework1\Coursework1.cpp(756,64): warning C4305: 'argument': truncation from 'double' to 'float'
C:\Users\Akeina\Desktop\New folder\NEW GL CODE - Copy\CSC3223\CSC3223Coursework1\Coursework1.cpp(756,85): warning C4305: 'argument': truncation from 'double' to 'float'
C:\Users\Akeina\Desktop\New folder\NEW GL CODE - Copy\CSC3223\CSC3223Coursework1\Coursework1.cpp(756,106): warning C4305: 'argument': truncation from 'double' to 'float'
C:\Users\Akeina\Desktop\New folder\NEW GL CODE - Copy\CSC3223\CSC3223Coursework1\Coursework1.cpp(756,127): warning C4305: 'argument': truncation from 'double' to 'float'
C:\Users\Akeina\Desktop\New folder\NEW GL CODE - Copy\CSC3223\CSC3223Coursework1\Coursework1.cpp(783,33): warning C4305: 'argument': truncation from 'double' to 'float'
C:\Users\Akeina\Desktop\New folder\NEW GL CODE - Copy\CSC3223\CSC3223Coursework1\Coursework1.cpp(794,55): warning C4305: 'argument': truncation from 'double' to 'float'
C:\Users\Akeina\Desktop\New folder\NEW GL CODE - Copy\CSC3223\CSC3223Coursework1\Coursework1.cpp(958,58): warning C4305: 'argument': truncation from 'double' to 'float'
  RasterisationMesh.cpp
C:\Users\Akeina\Desktop\New folder\NEW GL CODE - Copy\CSC3223\CSC3223Coursework1\Coursework1.cpp(1008,59): warning C4305: 'argument': truncation from 'double' to 'float'
C:\Users\Akeina\Desktop\New folder\NEW GL CODE - Copy\Common\MeshGeometry.h(48,1): warning C4267: 'return': conversion from 'size_t' to 'unsigned int', possible loss of data
C:\Users\Akeina\Desktop\New folder\NEW GL CODE - Copy\Common\MeshGeometry.h(52,1): warning C4267: 'return': conversion from 'size_t' to 'unsigned int', possible loss of data
C:\Users\Akeina\Desktop\New folder\NEW GL CODE - Copy\CSC3223\CSC3223Coursework1\RasterisationMesh.cpp(76,37): warning C4244: 'argument': conversion from 'int' to 'float', possible loss of data
C:\Users\Akeina\Desktop\New folder\NEW GL CODE - Copy\CSC3223\CSC3223Coursework1\RasterisationMesh.cpp(173,13): warning C4244: 'initializing': conversion from 'const float' to 'int', possible loss of data
C:\Users\Akeina\Desktop\New folder\NEW GL CODE - Copy\CSC3223\CSC3223Coursework1\RasterisationMesh.cpp(174,14): warning C4244: 'initializing': conversion from 'const _Ty' to 'int', possible loss of data
C:\Users\Akeina\Desktop\New folder\NEW GL CODE - Copy\CSC3223\CSC3223Coursework1\RasterisationMesh.cpp(174,14): warning C4244:         with
C:\Users\Akeina\Desktop\New folder\NEW GL CODE - Copy\CSC3223\CSC3223Coursework1\RasterisationMesh.cpp(174,14): warning C4244:         [
C:\Users\Akeina\Desktop\New folder\NEW GL CODE - Copy\CSC3223\CSC3223Coursework1\RasterisationMesh.cpp(174,14): warning C4244:             _Ty=float
C:\Users\Akeina\Desktop\New folder\NEW GL CODE - Copy\CSC3223\CSC3223Coursework1\RasterisationMesh.cpp(174,14): warning C4244:         ]
C:\Users\Akeina\Desktop\New folder\NEW GL CODE - Copy\CSC3223\CSC3223Coursework1\RasterisationMesh.cpp(175,12): warning C4244: 'initializing': conversion from 'const _Ty' to 'int', possible loss of data
C:\Users\Akeina\Desktop\New folder\NEW GL CODE - Copy\CSC3223\CSC3223Coursework1\RasterisationMesh.cpp(175,12): warning C4244:         with
C:\Users\Akeina\Desktop\New folder\NEW GL CODE - Copy\CSC3223\CSC3223Coursework1\RasterisationMesh.cpp(175,12): warning C4244:         [
C:\Users\Akeina\Desktop\New folder\NEW GL CODE - Copy\CSC3223\CSC3223Coursework1\RasterisationMesh.cpp(175,12): warning C4244:             _Ty=float
C:\Users\Akeina\Desktop\New folder\NEW GL CODE - Copy\CSC3223\CSC3223Coursework1\RasterisationMesh.cpp(175,12): warning C4244:         ]
C:\Users\Akeina\Desktop\New folder\NEW GL CODE - Copy\CSC3223\CSC3223Coursework1\RasterisationMesh.cpp(178,38): warning C4244: 'argument': conversion from 'int' to 'float', possible loss of data
C:\Users\Akeina\Desktop\New folder\NEW GL CODE - Copy\CSC3223\CSC3223Coursework1\RasterisationMesh.cpp(178,35): warning C4244: 'argument': conversion from 'int' to 'float', possible loss of data
C:\Users\Akeina\Desktop\New folder\NEW GL CODE - Copy\CSC3223\CSC3223Coursework1\RasterisationMesh.cpp(191,13): warning C4244: 'initializing': conversion from 'const float' to 'int', possible loss of data
C:\Users\Akeina\Desktop\New folder\NEW GL CODE - Copy\CSC3223\CSC3223Coursework1\RasterisationMesh.cpp(192,14): warning C4244: 'initializing': conversion from 'const _Ty' to 'int', possible loss of data
C:\Users\Akeina\Desktop\New folder\NEW GL CODE - Copy\CSC3223\CSC3223Coursework1\RasterisationMesh.cpp(192,14): warning C4244:         with
C:\Users\Akeina\Desktop\New folder\NEW GL CODE - Copy\CSC3223\CSC3223Coursework1\RasterisationMesh.cpp(192,14): warning C4244:         [
C:\Users\Akeina\Desktop\New folder\NEW GL CODE - Copy\CSC3223\CSC3223Coursework1\RasterisationMesh.cpp(192,14): warning C4244:             _Ty=float
C:\Users\Akeina\Desktop\New folder\NEW GL CODE - Copy\CSC3223\CSC3223Coursework1\RasterisationMesh.cpp(192,14): warning C4244:         ]
C:\Users\Akeina\Desktop\New folder\NEW GL CODE - Copy\CSC3223\CSC3223Coursework1\RasterisationMesh.cpp(193,12): warning C4244: 'initializing': conversion from 'const _Ty' to 'int', possible loss of data
C:\Users\Akeina\Desktop\New folder\NEW GL CODE - Copy\CSC3223\CSC3223Coursework1\RasterisationMesh.cpp(193,12): warning C4244:         with
C:\Users\Akeina\Desktop\New folder\NEW GL CODE - Copy\CSC3223\CSC3223Coursework1\RasterisationMesh.cpp(193,12): warning C4244:         [
C:\Users\Akeina\Desktop\New folder\NEW GL CODE - Copy\CSC3223\CSC3223Coursework1\RasterisationMesh.cpp(193,12): warning C4244:             _Ty=float
C:\Users\Akeina\Desktop\New folder\NEW GL CODE - Copy\CSC3223\CSC3223Coursework1\RasterisationMesh.cpp(193,12): warning C4244:         ]
C:\Users\Akeina\Desktop\New folder\NEW GL CODE - Copy\CSC3223\CSC3223Coursework1\RasterisationMesh.cpp(196,38): warning C4244: 'argument': conversion from 'int' to 'float', possible loss of data
C:\Users\Akeina\Desktop\New folder\NEW GL CODE - Copy\CSC3223\CSC3223Coursework1\RasterisationMesh.cpp(196,35): warning C4244: 'argument': conversion from 'int' to 'float', possible loss of data
C:\Users\Akeina\Desktop\New folder\NEW GL CODE - Copy\CSC3223\CSC3223Coursework1\RasterisationMesh.cpp(206,16): warning C4244: 'initializing': conversion from 'int' to 'float', possible loss of data
  Renderer.cpp
C:\Users\Akeina\Desktop\New folder\NEW GL CODE - Copy\CSC3223\CSC3223Coursework1\RasterisationMesh.cpp(217,17): warning C4244: 'initializing': conversion from 'int' to 'float', possible loss of data
C:\Users\Akeina\Desktop\New folder\NEW GL CODE - Copy\Common\MeshGeometry.h(48,1): warning C4267: 'return': conversion from 'size_t' to 'unsigned int', possible loss of data
  RenderObject.cpp
C:\Users\Akeina\Desktop\New folder\NEW GL CODE - Copy\Common\MeshGeometry.h(52,1): warning C4267: 'return': conversion from 'size_t' to 'unsigned int', possible loss of data
C:\Users\Akeina\Desktop\New folder\NEW GL CODE - Copy\Common\MeshGeometry.h(48,1): warning C4267: 'return': conversion from 'size_t' to 'unsigned int', possible loss of data
  Generating Code...
C:\Users\Akeina\Desktop\New folder\NEW GL CODE - Copy\Common\MeshGeometry.h(52,1): warning C4267: 'return': conversion from 'size_t' to 'unsigned int', possible loss of data
  CSC3223Coursework1.vcxproj -> C:\Users\Akeina\Desktop\New folder\NEW GL CODE - Copy\x64\Debug\CSC3223Coursework1.exe
